Línea 30: la propiedad TabPicture(0) de SSTab1 tenía una referencia a archivo no válida.
Línea 54: la propiedad TabPicture(1) de SSTab1 tenía una referencia a archivo no válida.
Línea 65: la propiedad TabPicture(2) de SSTab1 tenía una referencia a archivo no válida.
Línea 193: la propiedad ItemData de cmbOpenVoucher tenía una referencia a archivo no válida.
Línea 195: la propiedad List de cmbOpenVoucher tenía una referencia a archivo no válida.
Línea 210: la propiedad TextRTF de RichTextBox1 tenía un valor no válido.
Línea 215: la propiedad Picture de Image8 tenía una referencia a archivo no válida.
Línea 222: la propiedad Picture de Image5 tenía una referencia a archivo no válida.
Línea 266: la propiedad Picture de Image4 tenía una referencia a archivo no válida.
Línea 274: la propiedad Picture de Image9 tenía una referencia a archivo no válida.
Línea 309: la propiedad TextRTF de ctrlRichTextBoxLog tenía un valor no válido.
Línea 322: la propiedad ItemData de cmbProtocolo tenía una referencia a archivo no válida.
Línea 324: la propiedad List de cmbProtocolo tenía una referencia a archivo no válida.
Línea 332: la propiedad ItemData de cmbEquipo tenía una referencia a archivo no válida.
Línea 334: la propiedad List de cmbEquipo tenía una referencia a archivo no válida.
Línea 352: la propiedad ItemData de cmbBaudRate tenía una referencia a archivo no válida.
Línea 354: la propiedad List de cmbBaudRate tenía una referencia a archivo no válida.
Línea 362: la propiedad ItemData de cmbPort tenía una referencia a archivo no válida.
Línea 364: la propiedad List de cmbPort tenía una referencia a archivo no válida.
Línea 579: la propiedad Picture de Image1 tenía una referencia a archivo no válida.
