 %% NO MODIFIQUE NI ELIMINE ESTE ARCHIVO. %% 
 %% Este archivo contiene información acerca de la instalación de una aplicación. %% 
 %% Se utilizará para quitar automáticamente de su PC todos los componentes de la aplicación, si elige hacerlo. %% 


NOTE: Inicio de la sección bootstrapper

CONFIG: Title: "GestionE 5A"

ACTION: RegKey: "HKEY_LOCAL_MACHINE\SOFTWARE\Microsoft\Windows\CurrentVersion", "SharedDLLs"

ACTION: SystemFile: "C:\WINDOWS\system32\VB6STKIT.DLL"
(El archivo en disco ya estaba actualizado)

ACTION: SystemFile: "C:\WINDOWS\system32\COMCAT.DLL"
(El archivo en disco ya estaba actualizado)

ACTION: SystemFile: "C:\WINDOWS\system32\asycfilt.dll"
(El archivo en disco ya estaba actualizado)

ACTION: SystemFile: "C:\WINDOWS\system32\olepro32.dll"
(El archivo en disco ya estaba actualizado)

ACTION: SystemFile: "C:\WINDOWS\system32\oleaut32.dll"
(El archivo en disco ya estaba actualizado)

ACTION: SystemFile: "C:\WINDOWS\system32\stdole2.tlb"
(El archivo en disco ya estaba actualizado)

ACTION: SystemFile: "C:\WINDOWS\system32\msvbvm60.dll"
(El archivo en disco ya estaba actualizado)

ACTION: SystemFile: "C:\WINDOWS\system32\VB6ES.DLL"
(No se puede encontrar el archivo o es de una versión antigua; se ha copiado el archivo nuevo)

ACTION: DllSelfRegister: "C:\WINDOWS\SYSTEM32\COMCAT.DLL"

ACTION: DllSelfRegister: "C:\WINDOWS\SYSTEM32\olepro32.dll"

ACTION: DllSelfRegister: "C:\WINDOWS\SYSTEM32\oleaut32.dll"

ACTION: TLBRegister: "C:\WINDOWS\SYSTEM32\stdole2.tlb"

ACTION: DllSelfRegister: "C:\WINDOWS\SYSTEM32\msvbvm60.dll"

NOTE: Final de la sección bootstrapper

NOTE: Inicializando el programa principal de instalación 'Setup1.exe'....

ACTION: CreateDir: "d:\5a04"

ACTION: CreateDir: "C:\Documents and Settings\All Users\Menú Inicio\Programas\GestionE  NV"

ACTION: CreateDir: "d:\5a04\gen"

ACTION: SharedFile: "d:\5a04\gen\5a04.ini"
(No se puede encontrar el archivo o es de una versión antigua; se ha copiado el archivo nuevo)

ACTION: SharedFile: "C:\WINDOWS\system32\MSCAL.OCX"
(No se puede encontrar el archivo o es de una versión antigua; se ha copiado el archivo nuevo)

ACTION: SharedFile: "C:\WINDOWS\system32\FLXGDES.DLL"
(No se puede encontrar el archivo o es de una versión antigua; se ha copiado el archivo nuevo)

ACTION: SharedFile: "C:\WINDOWS\system32\MSFLXGRD.OCX"
(El archivo en disco ya estaba actualizado)

ACTION: SharedFile: "C:\WINDOWS\system32\DATLSES.DLL"
(No se puede encontrar el archivo o es de una versión antigua; se ha copiado el archivo nuevo)

ACTION: SharedFile: "C:\WINDOWS\system32\MSDATLST.OCX"
(No se puede encontrar el archivo o es de una versión antigua; se ha copiado el archivo nuevo)

ACTION: SharedFile: "C:\WINDOWS\system32\CMCT3ES.DLL"
(No se puede encontrar el archivo o es de una versión antigua; se ha copiado el archivo nuevo)

ACTION: SharedFile: "C:\WINDOWS\system32\COMCT332.OCX"
(No se puede encontrar el archivo o es de una versión antigua; se ha copiado el archivo nuevo)

ACTION: SharedFile: "C:\WINDOWS\system32\MSCC2ES.DLL"
(No se puede encontrar el archivo o es de una versión antigua; se ha copiado el archivo nuevo)

ACTION: SharedFile: "C:\WINDOWS\system32\MSCOMCT2.OCX"
(El archivo en disco ya estaba actualizado)

ACTION: SharedFile: "C:\WINDOWS\system32\ADODCES.DLL"
(No se puede encontrar el archivo o es de una versión antigua; se ha copiado el archivo nuevo)

ACTION: SharedFile: "C:\WINDOWS\system32\MSSTDFMT.DLL"
(El archivo en disco ya estaba actualizado)

ACTION: SharedFile: "C:\WINDOWS\system32\MSADODC.OCX"
(No se puede encontrar el archivo o es de una versión antigua; se ha copiado el archivo nuevo)

ACTION: SharedFile: "C:\WINDOWS\system32\DATGDES.DLL"
(No se puede encontrar el archivo o es de una versión antigua; se ha copiado el archivo nuevo)

ACTION: SharedFile: "C:\WINDOWS\system32\MSDATGRD.OCX"
(No se puede encontrar el archivo o es de una versión antigua; se ha copiado el archivo nuevo)

ACTION: SharedFile: "C:\WINDOWS\system32\MSCMCES.DLL"
(No se puede encontrar el archivo o es de una versión antigua; se ha copiado el archivo nuevo)

ACTION: SharedFile: "C:\WINDOWS\system32\MSCOMCTL.OCX"
(El archivo en disco ya estaba actualizado)

ACTION: SharedFile: "C:\WINDOWS\system32\msadox.dll"
(No se puede encontrar el archivo o es de una versión antigua; se ha copiado el archivo nuevo)

ACTION: SharedFile: "C:\WINDOWS\system32\CLSSBLD.DLL"
(No se puede encontrar el archivo o es de una versión antigua; se ha copiado el archivo nuevo)

ACTION: SharedFile: "C:\WINDOWS\system32\MSBIND.DLL"
(No se puede encontrar el archivo o es de una versión antigua; se ha copiado el archivo nuevo)

ACTION: SharedFile: "C:\WINDOWS\system32\craxdui.dll"
(No se puede encontrar el archivo o es de una versión antigua; se ha copiado el archivo nuevo)

ACTION: SharedFile: "C:\WINDOWS\system32\sviewhlp.dll"
(No se puede encontrar el archivo o es de una versión antigua; se ha copiado el archivo nuevo)

ACTION: SharedFile: "C:\WINDOWS\system32\u3520es.dll"
(No se puede encontrar el archivo o es de una versión antigua; se ha copiado el archivo nuevo)

ACTION: SharedFile: "C:\WINDOWS\system32\u252000.dll"
(No se puede encontrar el archivo o es de una versión antigua; se ha copiado el archivo nuevo)

ACTION: SharedFile: "C:\WINDOWS\system32\u3ls1es.dll"
(No se puede encontrar el archivo o es de una versión antigua; se ha copiado el archivo nuevo)

ACTION: SharedFile: "C:\WINDOWS\system32\u2lsamp1.dll"
(No se puede encontrar el archivo o es de una versión antigua; se ha copiado el archivo nuevo)

ACTION: SharedFile: "C:\WINDOWS\system32\u2ldts.dll"
(No se puede encontrar el archivo o es de una versión antigua; se ha copiado el archivo nuevo)

ACTION: SharedFile: "C:\WINDOWS\system32\u2lcom.dll"
(No se puede encontrar el archivo o es de una versión antigua; se ha copiado el archivo nuevo)

ACTION: SharedFile: "C:\WINDOWS\system32\u3l20es.dll"
(No se puede encontrar el archivo o es de una versión antigua; se ha copiado el archivo nuevo)

ACTION: SharedFile: "C:\WINDOWS\system32\u2l2000.dll"
(No se puede encontrar el archivo o es de una versión antigua; se ha copiado el archivo nuevo)

ACTION: SharedFile: "C:\WINDOWS\system32\u25dts.dll"
(No se puede encontrar el archivo o es de una versión antigua; se ha copiado el archivo nuevo)

ACTION: SharedFile: "C:\WINDOWS\system32\x3fxles.dll"
(No se puede encontrar el archivo o es de una versión antigua; se ha copiado el archivo nuevo)

ACTION: SharedFile: "C:\WINDOWS\system32\u2fxls.dll"
(No se puede encontrar el archivo o es de una versión antigua; se ha copiado el archivo nuevo)

ACTION: SharedFile: "C:\WINDOWS\system32\x3fwdes.dll"
(No se puede encontrar el archivo o es de una versión antigua; se ha copiado el archivo nuevo)

ACTION: SharedFile: "C:\WINDOWS\system32\u2fwordw.dll"
(No se puede encontrar el archivo o es de una versión antigua; se ha copiado el archivo nuevo)

ACTION: SharedFile: "C:\WINDOWS\system32\x3fwkes.dll"
(No se puede encontrar el archivo o es de una versión antigua; se ha copiado el archivo nuevo)

ACTION: SharedFile: "C:\WINDOWS\system32\u2fwks.dll"
(No se puede encontrar el archivo o es de una versión antigua; se ha copiado el archivo nuevo)

ACTION: SharedFile: "C:\WINDOWS\system32\x3ftxes.dll"
(No se puede encontrar el archivo o es de una versión antigua; se ha copiado el archivo nuevo)

ACTION: SharedFile: "C:\WINDOWS\system32\u2ftext.dll"
(No se puede encontrar el archivo o es de una versión antigua; se ha copiado el archivo nuevo)

ACTION: SharedFile: "C:\WINDOWS\system32\x3fsves.dll"
(No se puede encontrar el archivo o es de una versión antigua; se ha copiado el archivo nuevo)

ACTION: SharedFile: "C:\WINDOWS\system32\u2fsepv.dll"
(No se puede encontrar el archivo o es de una versión antigua; se ha copiado el archivo nuevo)

ACTION: SharedFile: "C:\WINDOWS\system32\x3frtes.dll"
(No se puede encontrar el archivo o es de una versión antigua; se ha copiado el archivo nuevo)

ACTION: SharedFile: "C:\WINDOWS\system32\u2frtf.dll"
(No se puede encontrar el archivo o es de una versión antigua; se ha copiado el archivo nuevo)

ACTION: SharedFile: "C:\WINDOWS\system32\x3frces.dll"
(No se puede encontrar el archivo o es de una versión antigua; se ha copiado el archivo nuevo)

ACTION: SharedFile: "C:\WINDOWS\system32\u2frec.dll"
(No se puede encontrar el archivo o es de una versión antigua; se ha copiado el archivo nuevo)

ACTION: SharedFile: "C:\WINDOWS\system32\x3fodes.dll"
(No se puede encontrar el archivo o es de una versión antigua; se ha copiado el archivo nuevo)

ACTION: SharedFile: "C:\WINDOWS\system32\u2fodbc.dll"
(No se puede encontrar el archivo o es de una versión antigua; se ha copiado el archivo nuevo)

ACTION: SharedFile: "C:\WINDOWS\system32\x3fhtes.dll"
(No se puede encontrar el archivo o es de una versión antigua; se ha copiado el archivo nuevo)

ACTION: SharedFile: "C:\WINDOWS\system32\u2fhtml.dll"
(No se puede encontrar el archivo o es de una versión antigua; se ha copiado el archivo nuevo)

ACTION: SharedFile: "C:\WINDOWS\system32\x3fcres.dll"
(No se puede encontrar el archivo o es de una versión antigua; se ha copiado el archivo nuevo)

ACTION: SharedFile: "C:\WINDOWS\system32\u2fcr.dll"
(No se puede encontrar el archivo o es de una versión antigua; se ha copiado el archivo nuevo)

ACTION: SharedFile: "C:\WINDOWS\system32\x3dapes.dll"
(No se puede encontrar el archivo o es de una versión antigua; se ha copiado el archivo nuevo)

ACTION: SharedFile: "C:\WINDOWS\system32\u2dapp.dll"
(No se puede encontrar el archivo o es de una versión antigua; se ha copiado el archivo nuevo)

ACTION: SharedFile: "C:\WINDOWS\system32\x3dvmes.dll"
(No se puede encontrar el archivo o es de una versión antigua; se ha copiado el archivo nuevo)

ACTION: SharedFile: "C:\WINDOWS\system32\u2dvim.dll"
(No se puede encontrar el archivo o es de una versión antigua; se ha copiado el archivo nuevo)

ACTION: SharedFile: "C:\WINDOWS\system32\x3dptes.dll"
(No se puede encontrar el archivo o es de una versión antigua; se ha copiado el archivo nuevo)

ACTION: SharedFile: "C:\WINDOWS\system32\u2dpost.dll"
(No se puede encontrar el archivo o es de una versión antigua; se ha copiado el archivo nuevo)

ACTION: SharedFile: "C:\WINDOWS\system32\x3dntes.dll"
(No se puede encontrar el archivo o es de una versión antigua; se ha copiado el archivo nuevo)

ACTION: SharedFile: "C:\WINDOWS\system32\u2dnotes.dll"
(No se puede encontrar el archivo o es de una versión antigua; se ha copiado el archivo nuevo)

ACTION: SharedFile: "C:\WINDOWS\system32\x3dmpes.dll"
(No se puede encontrar el archivo o es de una versión antigua; se ha copiado el archivo nuevo)

ACTION: SharedFile: "C:\WINDOWS\system32\u2dmapi.dll"
(No se puede encontrar el archivo o es de una versión antigua; se ha copiado el archivo nuevo)

ACTION: SharedFile: "C:\WINDOWS\system32\x3ddkes.dll"
(No se puede encontrar el archivo o es de una versión antigua; se ha copiado el archivo nuevo)

ACTION: SharedFile: "C:\WINDOWS\system32\u2ddisk.dll"
(No se puede encontrar el archivo o es de una versión antigua; se ha copiado el archivo nuevo)

ACTION: SharedFile: "C:\WINDOWS\system32\p3soles.dll"
(No se puede encontrar el archivo o es de una versión antigua; se ha copiado el archivo nuevo)

ACTION: SharedFile: "C:\WINDOWS\system32\p2soledb.dll"
(No se puede encontrar el archivo o es de una versión antigua; se ha copiado el archivo nuevo)

ACTION: SharedFile: "C:\WINDOWS\system32\p2ssyb10.dll"
(No se puede encontrar el archivo o es de una versión antigua; se ha copiado el archivo nuevo)

ACTION: SharedFile: "C:\WINDOWS\system32\p3ssqes.dll"
(No se puede encontrar el archivo o es de una versión antigua; se ha copiado el archivo nuevo)

ACTION: SharedFile: "C:\WINDOWS\system32\p2ssql.dll"
(No se puede encontrar el archivo o es de una versión antigua; se ha copiado el archivo nuevo)

ACTION: SharedFile: "C:\WINDOWS\system32\p3so7es.dll"
(No se puede encontrar el archivo o es de una versión antigua; se ha copiado el archivo nuevo)

ACTION: SharedFile: "C:\WINDOWS\system32\p2sora7.dll"
(No se puede encontrar el archivo o es de una versión antigua; se ha copiado el archivo nuevo)

ACTION: SharedFile: "C:\WINDOWS\system32\p3sodes.dll"
(No se puede encontrar el archivo o es de una versión antigua; se ha copiado el archivo nuevo)

ACTION: SharedFile: "C:\WINDOWS\system32\p2sodbc.dll"
(No se puede encontrar el archivo o es de una versión antigua; se ha copiado el archivo nuevo)

ACTION: SharedFile: "C:\WINDOWS\system32\p3sifes.dll"
(No se puede encontrar el archivo o es de una versión antigua; se ha copiado el archivo nuevo)

ACTION: SharedFile: "C:\WINDOWS\system32\p2sifmx.dll"
(No se puede encontrar el archivo o es de una versión antigua; se ha copiado el archivo nuevo)

ACTION: SharedFile: "C:\WINDOWS\system32\p3rdoes.dll"
(No se puede encontrar el archivo o es de una versión antigua; se ha copiado el archivo nuevo)

ACTION: SharedFile: "C:\WINDOWS\system32\p2irdao.dll"
(No se puede encontrar el archivo o es de una versión antigua; se ha copiado el archivo nuevo)

ACTION: SharedFile: "C:\WINDOWS\system32\p3tdoes.dll"
(No se puede encontrar el archivo o es de una versión antigua; se ha copiado el archivo nuevo)

ACTION: SharedFile: "C:\WINDOWS\system32\p2ctdao.dll"
(No se puede encontrar el archivo o es de una versión antigua; se ha copiado el archivo nuevo)

ACTION: SharedFile: "C:\WINDOWS\system32\p3dxbes.dll"
(No se puede encontrar el archivo o es de una versión antigua; se ha copiado el archivo nuevo)

ACTION: SharedFile: "C:\WINDOWS\system32\p2bxbse.dll"
(No se puede encontrar el archivo o es de una versión antigua; se ha copiado el archivo nuevo)

ACTION: SharedFile: "C:\WINDOWS\system32\p3ddoes.dll"
(No se puede encontrar el archivo o es de una versión antigua; se ha copiado el archivo nuevo)

ACTION: SharedFile: "C:\WINDOWS\system32\p2bdao.dll"
(No se puede encontrar el archivo o es de una versión antigua; se ha copiado el archivo nuevo)

ACTION: SharedFile: "C:\WINDOWS\system32\crpe32_res_es.dll"
(No se puede encontrar el archivo o es de una versión antigua; se ha copiado el archivo nuevo)

ACTION: SharedFile: "C:\WINDOWS\system32\Crxlat32.dll"
(No se puede encontrar el archivo o es de una versión antigua; se ha copiado el archivo nuevo)

*** ERROR: C:\WINDOWS\system32\mfc42.dll
*** ERROR: El archivo de destino está en uso. Asegúrese de que todas las demás aplicaciones están cerradas.
*** ERROR: (El usuario respondió con 'Reintentar')
*** DURANTE ESTA ACCIÓN: SharedFile: "C:\WINDOWS\system32\mfc42.dll"

*** ERROR: C:\WINDOWS\system32\mfc42.dll
*** ERROR: El archivo de destino está en uso. Asegúrese de que todas las demás aplicaciones están cerradas.
*** ERROR: (El usuario respondió con 'Reintentar')
*** DURANTE ESTA ACCIÓN: SharedFile: "C:\WINDOWS\system32\mfc42.dll"

*** ERROR: C:\WINDOWS\system32\mfc42.dll
*** ERROR: Memoria insuficiente para copiar el archivo.
*** ERROR: (El usuario respondió con 'Reintentar')
*** DURANTE ESTA ACCIÓN: SharedFile: "C:\WINDOWS\system32\mfc42.dll"

*** ERROR: C:\WINDOWS\system32\mfc42.dll
*** ERROR: Memoria insuficiente para copiar el archivo.
*** ERROR: (El usuario respondió con 'Pasar por alto')
*** DURANTE ESTA ACCIÓN: SharedFile: "C:\WINDOWS\system32\mfc42.dll"

*** ERROR: C:\WINDOWS\system32\mfc42.dll
*** ERROR: Memoria insuficiente para copiar el archivo.
*** ERROR: Si pasa por alto un error de copia, el archivo no se copiará. Puede que la aplicación no funcione correctamente. ¿Desea pasar por alto el error?
*** ERROR: (El usuario respondió con 'Sí')
*** DURANTE ESTA ACCIÓN: SharedFile: "C:\WINDOWS\system32\mfc42.dll"

*** ERROR: C:\WINDOWS\system32\msvcrt.dll
*** ERROR: El archivo de destino está en uso. Asegúrese de que todas las demás aplicaciones están cerradas.
*** ERROR: (El usuario respondió con 'Pasar por alto')
*** DURANTE ESTA ACCIÓN: SharedFile: "C:\WINDOWS\system32\msvcrt.dll"

ACTION: SharedFile: "C:\WINDOWS\system32\sscsdk80.dll"
(No se puede encontrar el archivo o es de una versión antigua; se ha copiado el archivo nuevo)

ACTION: SharedFile: "C:\WINDOWS\system32\p3smnes.dll"
(No se puede encontrar el archivo o es de una versión antigua; se ha copiado el archivo nuevo)

ACTION: SharedFile: "C:\WINDOWS\system32\P2smon.dll"
(No se puede encontrar el archivo o es de una versión antigua; se ha copiado el archivo nuevo)

ACTION: SharedFile: "C:\WINDOWS\system32\Crpaig80.dll"
(No se puede encontrar el archivo o es de una versión antigua; se ha copiado el archivo nuevo)

ACTION: SharedFile: "d:\5a04\Implode.dll"
(No se puede encontrar el archivo o es de una versión antigua; se ha copiado el archivo nuevo)

ACTION: SharedFile: "C:\WINDOWS\system32\crpe32.dll"
(No se puede encontrar el archivo o es de una versión antigua; se ha copiado el archivo nuevo)

ACTION: SharedFile: "C:\WINDOWS\system32\cpeaut32.dll"
(No se puede encontrar el archivo o es de una versión antigua; se ha copiado el archivo nuevo)

ACTION: SharedFile: "C:\WINDOWS\system32\craxdrt.dll"
(No se puede encontrar el archivo o es de una versión antigua; se ha copiado el archivo nuevo)

ACTION: SharedFile: "C:\WINDOWS\system32\craxddt.dll"
(No se puede encontrar el archivo o es de una versión antigua; se ha copiado el archivo nuevo)

ACTION: SharedFile: "C:\WINDOWS\system32\crviewer.dll"
(No se puede encontrar el archivo o es de una versión antigua; se ha copiado el archivo nuevo)

ACTION: SharedFile: "d:\5a04\5A04.exe"
(No se puede encontrar el archivo o es de una versión antigua; se ha copiado el archivo nuevo)

ACTION: DllSelfRegister: "C:\WINDOWS\system32\MSCAL.OCX"

ACTION: DllSelfRegister: "C:\WINDOWS\system32\MSFLXGRD.OCX"

ACTION: DllSelfRegister: "C:\WINDOWS\system32\MSDATLST.OCX"

ACTION: DllSelfRegister: "C:\WINDOWS\system32\CMCT3ES.DLL"

ACTION: DllSelfRegister: "C:\WINDOWS\system32\COMCT332.OCX"

ACTION: DllSelfRegister: "C:\WINDOWS\system32\MSCOMCT2.OCX"

ACTION: DllSelfRegister: "C:\WINDOWS\system32\MSSTDFMT.DLL"

ACTION: DllSelfRegister: "C:\WINDOWS\system32\MSADODC.OCX"

ACTION: DllSelfRegister: "C:\WINDOWS\system32\MSDATGRD.OCX"

ACTION: DllSelfRegister: "C:\WINDOWS\system32\MSCOMCTL.OCX"

ACTION: DllSelfRegister: "C:\WINDOWS\system32\msadox.dll"

ACTION: DllSelfRegister: "C:\WINDOWS\system32\CLSSBLD.DLL"

ACTION: DllSelfRegister: "C:\WINDOWS\system32\MSBIND.DLL"

ACTION: DllSelfRegister: "C:\WINDOWS\system32\craxdui.dll"

ACTION: DllSelfRegister: "C:\WINDOWS\system32\sviewhlp.dll"

ACTION: DllSelfRegister: "C:\WINDOWS\system32\cpeaut32.dll"

ACTION: DllSelfRegister: "C:\WINDOWS\system32\craxdrt.dll"

ACTION: DllSelfRegister: "C:\WINDOWS\system32\craxddt.dll"

ACTION: DllSelfRegister: "C:\WINDOWS\system32\crviewer.dll"

ACTION: ShellLink: "GestionE  NV", "GestionE  NV"

ACTION: RegKey: "HKEY_LOCAL_MACHINE\SOFTWARE\Microsoft\Windows\CurrentVersion", "App Paths\5A04.exe"

ACTION: RegValue: "HKEY_LOCAL_MACHINE\SOFTWARE\Microsoft\Windows\CurrentVersion\App Paths\5A04.exe", ""

