
M00 | P00 | 2020-11-19 18:34:07 | InitModule | D690000 | OK
M00 | P00 | 2020-11-19 18:34:07 | Version | 1.1.79.0 | OK
M24 | P00 | 2020-11-19 18:34:07 | SetModelo | 24 | OK
M24 | P00 | 2020-11-19 18:34:07 | CargarLicencia | ... | OK
M24 | P01 | 2020-11-19 18:34:07 | SetPuerto | 1 | OK
M24 | P01 | 2020-11-19 18:34:07 | SetBaudios | 115200 | OK
M24 | P01 | 2020-11-19 18:34:49 | S | .02.81.00.01|.00.00.0300A3
M24 | P01 | 2020-11-19 18:34:49 | R | .06
M24 | P01 | 2020-11-19 18:34:49 | R | .02.81.00.00|.C0.80||.00.00|.030236
M24 | P01 | 2020-11-19 18:34:49 | S | .06
M24 | P01 | 2020-11-19 18:34:49 | Inicializar | OK
M24 | P01 | 2020-11-19 18:35:04 | S | .02.82.0A.07|.00.00.0300B4
M24 | P01 | 2020-11-19 18:35:04 | R | .06
M24 | P01 | 2020-11-19 18:35:04 | R | .02.82.00.00|.C0.80||.01.02|.030255
M24 | P01 | 2020-11-19 18:35:04 | S | .06
M24 | P01 | 2020-11-19 18:35:04 | S | .02.83.0B.07|.00.00.0300B6
M24 | P01 | 2020-11-19 18:35:04 | R | .06
M24 | P01 | 2020-11-19 18:35:04 | R | .02.83.00.00|.C0.80||.01.02|.030256
M24 | P01 | 2020-11-19 18:35:04 | S | .06
M24 | P01 | 2020-11-19 18:35:04 | S | .02.84.0D.07|.00.00.0300B9
M24 | P01 | 2020-11-19 18:35:04 | R | .06
M24 | P01 | 2020-11-19 18:35:04 | R | .02.84.00.00|.C0.80||.01.02|.030257
M24 | P01 | 2020-11-19 18:35:04 | S | .06
M24 | P01 | 2020-11-19 18:35:04 | S | .02.85.0E.06|.00.01||||||.030163
M24 | P01 | 2020-11-19 18:35:04 | R | .06
M24 | P01 | 2020-11-19 18:35:04 | R | .02.85.00.00|.C0.80||.01.02|.030258
M24 | P01 | 2020-11-19 18:35:04 | S | .06
M24 | P01 | 2020-11-19 18:35:04 | S | .02.86.10.07|.00.00.0300BE
M24 | P01 | 2020-11-19 18:35:04 | R | .06
M24 | P01 | 2020-11-19 18:35:04 | R | .02.86.00.00|.C0.80||.01.02|.030259
M24 | P01 | 2020-11-19 18:35:04 | S | .06
M24 | P01 | 2020-11-19 18:35:04 | CancelarComprobante | OK
M24 | P01 | 2020-11-19 18:35:04 | S | .02.87.05.07|.00.00.0300B4
M24 | P01 | 2020-11-19 18:35:04 | R | .06
M24 | P01 | 2020-11-19 18:35:04 | R | .02.87.00.00|.C0.80||.00.00||EDUARDO RUBEN STACCHIOTTI Y ELENA COMERC|30711465169|00004|I|0|2100|021120.031367
M24 | P01 | 2020-11-19 18:35:04 | S | .06
M24 | P01 | 2020-11-19 18:35:04 | S | .02.88.04.1B.02|.00.00.0300CA
M24 | P01 | 2020-11-19 18:35:04 | R | .06
M24 | P01 | 2020-11-19 18:35:04 | R | .02.88.00.00|.C0.80||.00.00||EPEPAA0000016626|141119.030747
M24 | P01 | 2020-11-19 18:35:04 | S | .06
M24 | P01 | 2020-11-19 18:35:04 | ObtenerDatosDeInicializacion | OK
M24 | P01 | 2020-11-19 18:35:04 | S | .02.89.05.07|.00.00.0300B6
M24 | P01 | 2020-11-19 18:35:04 | R | .06
M24 | P01 | 2020-11-19 18:35:04 | R | .02.89.00.00|.C0.80||.00.00||EDUARDO RUBEN STACCHIOTTI Y ELENA COMERC|30711465169|00004|I|0|2100|021120.031369
M24 | P01 | 2020-11-19 18:35:04 | S | .06
M24 | P01 | 2020-11-19 18:35:04 | S | .02.8A.04.1B.02|.00.00.0300CC
M24 | P01 | 2020-11-19 18:35:04 | R | .06
M24 | P01 | 2020-11-19 18:35:04 | R | .02.8A.00.00|.C0.80||.00.00||EPEPAA0000016626|141119.030749
M24 | P01 | 2020-11-19 18:35:04 | S | .06
M24 | P01 | 2020-11-19 18:35:04 | ObtenerDatosDeInicializacion | OK
M24 | P01 | 2020-11-19 18:35:19 | Finalizar | ERROR: Error 1086. Contacte al soporte técnico.
M00 | P00 | 2020-11-19 19:03:09 | InitModule | 17C90000 | OK
M00 | P00 | 2020-11-19 19:03:09 | Version | 1.1.79.0 | OK
M24 | P00 | 2020-11-19 19:03:09 | SetModelo | 24 | OK
M24 | P00 | 2020-11-19 19:03:09 | CargarLicencia | nyiSQeu/vr... | OK
M24 | P01 | 2020-11-19 19:03:09 | SetPuerto | 1 | OK
M24 | P01 | 2020-11-19 19:03:09 | SetBaudios | 115200 | OK
M24 | P01 | 2020-11-19 19:03:11 | S | .02.81.00.01|.00.00.0300A3
M24 | P01 | 2020-11-19 19:03:11 | R | .06
M24 | P01 | 2020-11-19 19:03:11 | R | .02.81.00.00|.C0.80||.00.00|.030236
M24 | P01 | 2020-11-19 19:03:11 | S | .06
M24 | P01 | 2020-11-19 19:03:11 | Inicializar | OK
M24 | P01 | 2020-11-19 19:03:11 | S | .02.82.0A.07|.00.00.0300B4
M24 | P01 | 2020-11-19 19:03:11 | R | .06
M24 | P01 | 2020-11-19 19:03:11 | R | .02.82.00.00|.C0.80||.01.02|.030255
M24 | P01 | 2020-11-19 19:03:11 | S | .06
M24 | P01 | 2020-11-19 19:03:11 | S | .02.83.0B.07|.00.00.0300B6
M24 | P01 | 2020-11-19 19:03:11 | R | .06
M24 | P01 | 2020-11-19 19:03:11 | R | .02.83.00.00|.C0.80||.01.02|.030256
M24 | P01 | 2020-11-19 19:03:11 | S | .06
M24 | P01 | 2020-11-19 19:03:11 | S | .02.84.0D.07|.00.00.0300B9
M24 | P01 | 2020-11-19 19:03:11 | R | .06
M24 | P01 | 2020-11-19 19:03:11 | R | .02.84.00.00|.C0.80||.01.02|.030257
M24 | P01 | 2020-11-19 19:03:11 | S | .06
M24 | P01 | 2020-11-19 19:03:11 | S | .02.85.0E.06|.00.01||||||.030163
M24 | P01 | 2020-11-19 19:03:11 | R | .06
M24 | P01 | 2020-11-19 19:03:11 | R | .02.85.00.00|.C0.80||.01.02|.030258
M24 | P01 | 2020-11-19 19:03:11 | S | .06
M24 | P01 | 2020-11-19 19:03:11 | S | .02.86.10.07|.00.00.0300BE
M24 | P01 | 2020-11-19 19:03:11 | R | .06
M24 | P01 | 2020-11-19 19:03:11 | R | .02.86.00.00|.C0.80||.01.02|.030259
M24 | P01 | 2020-11-19 19:03:11 | S | .06
M24 | P01 | 2020-11-19 19:03:11 | CancelarComprobante | OK
M24 | P01 | 2020-11-19 19:03:11 | S | .02.87.05.07|.00.00.0300B4
M24 | P01 | 2020-11-19 19:03:12 | R | .06
M24 | P01 | 2020-11-19 19:03:12 | R | .02.87.00.00|.C0.80||.00.00||EDUARDO RUBEN STACCHIOTTI Y ELENA COMERC|30711465169|00004|I|0|2100|021120.031367
M24 | P01 | 2020-11-19 19:03:12 | S | .06
M24 | P01 | 2020-11-19 19:03:12 | S | .02.88.04.1B.02|.00.00.0300CA
M24 | P01 | 2020-11-19 19:03:12 | R | .06
M24 | P01 | 2020-11-19 19:03:12 | R | .02.88.00.00|.C0.80||.00.00||EPEPAA0000016626|141119.030747
M24 | P01 | 2020-11-19 19:03:12 | S | .06
M24 | P01 | 2020-11-19 19:03:12 | ObtenerDatosDeInicializacion | OK
M24 | P01 | 2020-11-19 19:03:12 | S | .02.89.0A.01|.00.00.0300B5
M24 | P01 | 2020-11-19 19:03:12 | R | .06
M24 | P01 | 2020-11-19 19:03:12 | R | .02.80.03.30.30.38.35
M24 | P01 | 2020-11-19 19:03:12 | R | .02.80.03.30.30.38.35
M24 | P01 | 2020-11-19 19:03:12 | R | .02.80.03.30.30.38.35
M24 | P01 | 2020-11-19 19:03:12 | R | .02.80.03.30.30.38.35
M24 | P01 | 2020-11-19 19:03:12 | R | .02.80.03.30.30.38.35
M24 | P01 | 2020-11-19 19:03:12 | R | .02.80.03.30.30.38.35
M24 | P01 | 2020-11-19 19:03:12 | R | .02.80.03.30.30.38.35
M24 | P01 | 2020-11-19 19:03:12 | R | .02.80.03.30.30.38.35
M24 | P01 | 2020-11-19 19:03:12 | R | .02.80.03.30.30.38.35
M24 | P01 | 2020-11-19 19:03:12 | R | .02.80.03.30.30.38.35
M24 | P01 | 2020-11-19 19:03:12 | R | .02.80.03.30.30.38.35
M24 | P01 | 2020-11-19 19:03:12 | R | .02.80.03.30.30.38.35
M24 | P01 | 2020-11-19 19:03:12 | R | .02.80.03.30.30.38.35
M24 | P01 | 2020-11-19 19:03:12 | R | .02.80.03.30.30.38.35
M24 | P01 | 2020-11-19 19:03:12 | R | .02.89.00.00|.C0.81||.00.00|.03023F
M24 | P01 | 2020-11-19 19:03:12 | S | .06
M24 | P01 | 2020-11-19 19:03:12 | AbrirComprobante | 10 | OK
M00 | P00 | 2020-11-19 19:43:51 | InitModule | DEA0000 | OK
M00 | P00 | 2020-11-19 19:43:51 | Version | 1.1.79.0 | OK
M24 | P00 | 2020-11-19 19:43:51 | SetModelo | 24 | OK
M24 | P00 | 2020-11-19 19:43:51 | CargarLicencia | nyiSQeu/vr... | OK
M24 | P01 | 2020-11-19 19:43:51 | SetPuerto | 1 | OK
M24 | P01 | 2020-11-19 19:43:51 | SetBaudios | 115200 | OK
M24 | P01 | 2020-11-19 19:43:52 | S | .02.81.00.01|.00.00.0300A3
M24 | P01 | 2020-11-19 19:43:52 | R | .06
M24 | P01 | 2020-11-19 19:43:52 | R | .02.80.03.30.30.38.35
M24 | P01 | 2020-11-19 19:43:52 | R | .02.80.03.30.30.38.35
M24 | P01 | 2020-11-19 19:43:52 | R | .02.80.03.30.30.38.35
M24 | P01 | 2020-11-19 19:43:53 | R | .02.80.03.30.30.38.35
M24 | P01 | 2020-11-19 19:43:53 | R | .02.80.03.30.30.38.35
M24 | P01 | 2020-11-19 19:43:53 | R | .02.80.03.30.30.38.35
M24 | P01 | 2020-11-19 19:43:53 | R | .02.80.03.30.30.38.35
M24 | P01 | 2020-11-19 19:43:53 | R | .02.80.03.30.30.38.35
M24 | P01 | 2020-11-19 19:43:53 | R | .02.80.03.30.30.38.35
M24 | P01 | 2020-11-19 19:43:53 | R | .02.80.03.30.30.38.35
M24 | P01 | 2020-11-19 19:43:53 | R | .02.80.03.30.30.38.35
M24 | P01 | 2020-11-19 19:43:53 | R | .02.80.03.30.30.38.35
M24 | P01 | 2020-11-19 19:43:53 | R | .02.80.03.30.30.38.35
M24 | P01 | 2020-11-19 19:43:53 | R | .02.80.03.30.30.38.35
M24 | P01 | 2020-11-19 19:43:53 | R | .02.80.03.30.30.38.35
M24 | P01 | 2020-11-19 19:43:53 | R | .02.80.03.30.30.38.35
M24 | P01 | 2020-11-19 19:43:53 | R | .02.80.03.30.30.38.35
M24 | P01 | 2020-11-19 19:43:53 | R | .02.80.03.30.30.38.35
M24 | P01 | 2020-11-19 19:43:53 | R | .02.80.03.30.30.38.35
M24 | P01 | 2020-11-19 19:43:53 | R | .02.80.03.30.30.38.35
M24 | P01 | 2020-11-19 19:43:54 | R | .02.80.03.30.30.38.35
M24 | P01 | 2020-11-19 19:43:54 | R | .02.80.03.30.30.38.35
M24 | P01 | 2020-11-19 19:43:54 | R | .02.80.03.30.30.38.35
M24 | P01 | 2020-11-19 19:43:54 | R | .02.80.03.30.30.38.35
M24 | P01 | 2020-11-19 19:43:54 | R | .02.80.03.30.30.38.35
M24 | P01 | 2020-11-19 19:43:54 | R | .02.80.03.30.30.38.35
M24 | P01 | 2020-11-19 19:43:54 | R | .02.80.03.30.30.38.35
M24 | P01 | 2020-11-19 19:43:54 | R | .02.80.03.30.30.38.35
M24 | P01 | 2020-11-19 19:43:54 | R | .02.80.03.30.30.38.35
M24 | P01 | 2020-11-19 19:43:54 | R | .02.80.03.30.30.38.35
M24 | P01 | 2020-11-19 19:43:54 | R | .02.80.03.30.30.38.35
M24 | P01 | 2020-11-19 19:43:54 | R | .02.80.03.30.30.38.35
M24 | P01 | 2020-11-19 19:43:54 | R | .02.80.03.30.30.38.35
M24 | P01 | 2020-11-19 19:43:54 | R | .02.80.03.30.30.38.35
M24 | P01 | 2020-11-19 19:43:54 | R | .02.80.03.30.30.38.35
M24 | P01 | 2020-11-19 19:43:54 | R | .02.80.03.30.30.38.35
M24 | P01 | 2020-11-19 19:43:54 | R | .02.80.03.30.30.38.35
M24 | P01 | 2020-11-19 19:43:55 | R | .02.80.03.30.30.38.35
M24 | P01 | 2020-11-19 19:43:55 | R | .02.80.03.30.30.38.35
M24 | P01 | 2020-11-19 19:43:55 | R | .02.80.03.30.30.38.35
M24 | P01 | 2020-11-19 19:43:55 | R | .02.80.03.30.30.38.35
M24 | P01 | 2020-11-19 19:43:55 | R | .02.80.03.30.30.38.35
M24 | P01 | 2020-11-19 19:43:55 | R | .02.80.03.30.30.38.35
M24 | P01 | 2020-11-19 19:43:55 | R | .02.80.03.30.30.38.35
M24 | P01 | 2020-11-19 19:43:55 | R | .02.80.03.30.30.38.35
M24 | P01 | 2020-11-19 19:43:55 | R | .02.80.03.30.30.38.35
M24 | P01 | 2020-11-19 19:43:55 | R | .02.80.03.30.30.38.35
M24 | P01 | 2020-11-19 19:43:55 | R | .02.80.03.30.30.38.35
M24 | P01 | 2020-11-19 19:43:55 | R | .02.80.03.30.30.38.35
M24 | P01 | 2020-11-19 19:43:55 | R | .02.80.03.30.30.38.35
M24 | P01 | 2020-11-19 19:43:55 | R | .02.80.03.30.30.38.35
M24 | P01 | 2020-11-19 19:43:55 | R | .02.80.03.30.30.38.35
M24 | P01 | 2020-11-19 19:43:55 | R | .02.80.03.30.30.38.35
M24 | P01 | 2020-11-19 19:43:56 | R | .02.80.03.30.30.38.35
M24 | P01 | 2020-11-19 19:43:56 | R | .02.80.03.30.30.38.35
M24 | P01 | 2020-11-19 19:43:56 | R | .02.80.03.30.30.38.35
M24 | P01 | 2020-11-19 19:43:56 | R | .02.80.03.30.30.38.35
M24 | P01 | 2020-11-19 19:43:56 | R | .02.80.03.30.30.38.35
M24 | P01 | 2020-11-19 19:43:56 | R | .02.80.03.30.30.38.35
M24 | P01 | 2020-11-19 19:43:56 | R | .02.80.03.30.30.38.35
M24 | P01 | 2020-11-19 19:43:56 | R | .02.80.03.30.30.38.35
M24 | P01 | 2020-11-19 19:43:56 | R | .02.80.03.30.30.38.35
M24 | P01 | 2020-11-19 19:43:56 | R | .02.80.03.30.30.38.35
M24 | P01 | 2020-11-19 19:43:56 | R | .02.80.03.30.30.38.35
M24 | P01 | 2020-11-19 19:43:56 | R | .02.80.03.30.30.38.35
M24 | P01 | 2020-11-19 19:43:56 | R | .02.80.03.30.30.38.35
M24 | P01 | 2020-11-19 19:43:56 | R | .02.80.03.30.30.38.35
M24 | P01 | 2020-11-19 19:43:56 | R | .02.80.03.30.30.38.35
M24 | P01 | 2020-11-19 19:43:56 | R | .02.80.03.30.30.38.35
M24 | P01 | 2020-11-19 19:43:56 | R | .02.80.03.30.30.38.35
M24 | P01 | 2020-11-19 19:43:57 | R | .02.80.03.30.30.38.35
M24 | P01 | 2020-11-19 19:43:57 | R | .02.80.03.30.30.38.35
M24 | P01 | 2020-11-19 19:43:57 | R | .02.81.00.00|.C0.80||.00.00|.030236
M24 | P01 | 2020-11-19 19:43:57 | S | .06
M24 | P01 | 2020-11-19 19:43:57 | Inicializar | OK
M24 | P01 | 2020-11-19 19:43:57 | S | .02.82.0A.07|.00.00.0300B4
M24 | P01 | 2020-11-19 19:43:57 | R | .06
M24 | P01 | 2020-11-19 19:43:57 | R | .02.82.00.00|.C0.80||.01.02|.030255
M24 | P01 | 2020-11-19 19:43:57 | S | .06
M24 | P01 | 2020-11-19 19:43:57 | S | .02.83.0B.07|.00.00.0300B6
M24 | P01 | 2020-11-19 19:43:57 | R | .06
M24 | P01 | 2020-11-19 19:43:57 | R | .02.83.00.00|.C0.80||.01.02|.030256
M24 | P01 | 2020-11-19 19:43:57 | S | .06
M24 | P01 | 2020-11-19 19:43:57 | S | .02.84.0D.07|.00.00.0300B9
M24 | P01 | 2020-11-19 19:43:57 | R | .06
M24 | P01 | 2020-11-19 19:43:57 | R | .02.84.00.00|.C0.80||.01.02|.030257
M24 | P01 | 2020-11-19 19:43:57 | S | .06
M24 | P01 | 2020-11-19 19:43:57 | S | .02.85.0E.06|.00.01||||||.030163
M24 | P01 | 2020-11-19 19:43:57 | R | .06
M24 | P01 | 2020-11-19 19:43:57 | R | .02.85.00.00|.C0.80||.01.02|.030258
M24 | P01 | 2020-11-19 19:43:57 | S | .06
M24 | P01 | 2020-11-19 19:43:57 | S | .02.86.10.07|.00.00.0300BE
M24 | P01 | 2020-11-19 19:43:57 | R | .06
M24 | P01 | 2020-11-19 19:43:57 | R | .02.86.00.00|.C0.80||.01.02|.030259
M24 | P01 | 2020-11-19 19:43:57 | S | .06
M24 | P01 | 2020-11-19 19:43:57 | CancelarComprobante | OK
M24 | P01 | 2020-11-19 19:43:57 | S | .02.87.05.07|.00.00.0300B4
M24 | P01 | 2020-11-19 19:43:57 | R | .06
M24 | P01 | 2020-11-19 19:43:57 | R | .02.87.00.00|.C0.80||.00.00||EDUARDO RUBEN STACCHIOTTI Y ELENA COMERC|30711465169|00004|I|0|2100|021120.031367
M24 | P01 | 2020-11-19 19:43:57 | S | .06
M24 | P01 | 2020-11-19 19:43:57 | S | .02.88.04.1B.02|.00.00.0300CA
M24 | P01 | 2020-11-19 19:43:57 | R | .06
M24 | P01 | 2020-11-19 19:43:57 | R | .02.88.00.00|.C0.80||.00.00||EPEPAA0000016626|141119.030747
M24 | P01 | 2020-11-19 19:43:57 | S | .06
M24 | P01 | 2020-11-19 19:43:57 | ObtenerDatosDeInicializacion | OK
M24 | P01 | 2020-11-19 19:43:57 | S | .02.89.0A.01|.00.00.0300B5
M24 | P01 | 2020-11-19 19:43:57 | R | .06
M24 | P01 | 2020-11-19 19:43:57 | R | .02.80.03.30.30.38.35
M24 | P01 | 2020-11-19 19:43:57 | R | .02.80.03.30.30.38.35
M24 | P01 | 2020-11-19 19:43:57 | R | .02.80.03.30.30.38.35
M24 | P01 | 2020-11-19 19:43:57 | R | .02.80.03.30.30.38.35
M24 | P01 | 2020-11-19 19:43:57 | R | .02.80.03.30.30.38.35
M24 | P01 | 2020-11-19 19:43:57 | R | .02.80.03.30.30.38.35
M24 | P01 | 2020-11-19 19:43:58 | R | .02.80.03.30.30.38.35
M24 | P01 | 2020-11-19 19:43:58 | R | .02.80.03.30.30.38.35
M24 | P01 | 2020-11-19 19:43:58 | R | .02.80.03.30.30.38.35
M24 | P01 | 2020-11-19 19:43:58 | R | .02.80.03.30.30.38.35
M24 | P01 | 2020-11-19 19:43:58 | R | .02.80.03.30.30.38.35
M24 | P01 | 2020-11-19 19:43:58 | R | .02.80.03.30.30.38.35
M24 | P01 | 2020-11-19 19:43:58 | R | .02.80.03.30.30.38.35
M24 | P01 | 2020-11-19 19:43:58 | R | .02.89.00.00|.C0.81||.00.00|.03023F
M24 | P01 | 2020-11-19 19:43:58 | S | .06
M24 | P01 | 2020-11-19 19:43:58 | AbrirComprobante | 10 | OK
M00 | P00 | 2020-11-19 19:47:14 | InitModule | 18710000 | OK
M00 | P00 | 2020-11-19 19:47:14 | Version | 1.1.79.0 | OK
M24 | P00 | 2020-11-19 19:47:14 | SetModelo | 24 | OK
M24 | P00 | 2020-11-19 19:47:14 | CargarLicencia | nyiSQeu/vr... | OK
M24 | P01 | 2020-11-19 19:47:14 | SetPuerto | 1 | OK
M24 | P01 | 2020-11-19 19:47:14 | SetBaudios | 115200 | OK
M24 | P01 | 2020-11-19 19:47:16 | S | .02.81.00.01|.00.00.0300A3
M24 | P01 | 2020-11-19 19:47:16 | R | .06
M24 | P01 | 2020-11-19 19:47:16 | R | .02.81.00.00|.C0.81||.00.00|.030237
M24 | P01 | 2020-11-19 19:47:16 | S | .06
M24 | P01 | 2020-11-19 19:47:16 | Inicializar | OK
M24 | P01 | 2020-11-19 19:47:16 | S | .02.82.0A.07|.00.00.0300B4
M24 | P01 | 2020-11-19 19:47:16 | R | .06
M24 | P01 | 2020-11-19 19:47:16 | R | .02.80.03.30.30.38.35
M24 | P01 | 2020-11-19 19:47:16 | R | .02.80.03.30.30.38.35
M24 | P01 | 2020-11-19 19:47:16 | R | .02.80.03.30.30.38.35
M24 | P01 | 2020-11-19 19:47:16 | R | .02.80.03.30.30.38.35
M24 | P01 | 2020-11-19 19:47:16 | R | .02.80.03.30.30.38.35
M24 | P01 | 2020-11-19 19:47:16 | R | .02.80.03.30.30.38.35
M24 | P01 | 2020-11-19 19:47:16 | R | .02.80.03.30.30.38.35
M24 | P01 | 2020-11-19 19:47:16 | R | .02.82.00.00|.C0.80||.00.00||6.030289
M24 | P01 | 2020-11-19 19:47:16 | S | .06
M24 | P01 | 2020-11-19 19:47:16 | S | .02.83.0B.07|.00.00.0300B6
M24 | P01 | 2020-11-19 19:47:16 | R | .06
M24 | P01 | 2020-11-19 19:47:16 | R | .02.80.03.30.30.38.35
M24 | P01 | 2020-11-19 19:47:16 | R | .02.80.03.30.30.38.35
M24 | P01 | 2020-11-19 19:47:16 | R | .02.80.03.30.30.38.35
M24 | P01 | 2020-11-19 19:47:16 | R | .02.83.00.00|.C0.80||.01.02|.030256
M24 | P01 | 2020-11-19 19:47:16 | S | .06
M24 | P01 | 2020-11-19 19:47:16 | S | .02.84.0D.07|.00.00.0300B9
M24 | P01 | 2020-11-19 19:47:16 | R | .06
M24 | P01 | 2020-11-19 19:47:16 | R | .02.84.00.00|.C0.80||.01.02|.030257
M24 | P01 | 2020-11-19 19:47:16 | S | .06
M24 | P01 | 2020-11-19 19:47:16 | S | .02.85.0E.06|.00.01||||||.030163
M24 | P01 | 2020-11-19 19:47:16 | R | .06
M24 | P01 | 2020-11-19 19:47:16 | R | .02.85.00.00|.C0.80||.01.02|.030258
M24 | P01 | 2020-11-19 19:47:16 | S | .06
M24 | P01 | 2020-11-19 19:47:16 | S | .02.86.10.07|.00.00.0300BE
M24 | P01 | 2020-11-19 19:47:17 | R | .06
M24 | P01 | 2020-11-19 19:47:17 | R | .02.86.00.00|.C0.80||.01.02|.030259
M24 | P01 | 2020-11-19 19:47:17 | S | .06
M24 | P01 | 2020-11-19 19:47:17 | CancelarComprobante | OK
M24 | P01 | 2020-11-19 19:47:17 | S | .02.87.05.07|.00.00.0300B4
M24 | P01 | 2020-11-19 19:47:17 | R | .06
M24 | P01 | 2020-11-19 19:47:17 | R | .02.87.00.00|.C0.80||.00.00||EDUARDO RUBEN STACCHIOTTI Y ELENA COMERC|30711465169|00004|I|0|2100|021120.031367
M24 | P01 | 2020-11-19 19:47:17 | S | .06
M24 | P01 | 2020-11-19 19:47:17 | S | .02.88.04.1B.02|.00.00.0300CA
M24 | P01 | 2020-11-19 19:47:17 | R | .06
M24 | P01 | 2020-11-19 19:47:17 | R | .02.88.00.00|.C0.80||.00.00||EPEPAA0000016626|141119.030747
M24 | P01 | 2020-11-19 19:47:17 | S | .06
M24 | P01 | 2020-11-19 19:47:17 | ObtenerDatosDeInicializacion | OK
M24 | P01 | 2020-11-19 19:47:17 | S | .02.89.0A.01|.00.00.0300B5
M24 | P01 | 2020-11-19 19:47:17 | R | .06
M24 | P01 | 2020-11-19 19:47:17 | R | .02.80.03.30.30.38.35
M24 | P01 | 2020-11-19 19:47:17 | R | .02.80.03.30.30.38.35
M24 | P01 | 2020-11-19 19:47:17 | R | .02.80.03.30.30.38.35
M24 | P01 | 2020-11-19 19:47:17 | R | .02.80.03.30.30.38.35
M24 | P01 | 2020-11-19 19:47:17 | R | .02.80.03.30.30.38.35
M24 | P01 | 2020-11-19 19:47:17 | R | .02.80.03.30.30.38.35
M24 | P01 | 2020-11-19 19:47:17 | R | .02.80.03.30.30.38.35
M24 | P01 | 2020-11-19 19:47:17 | R | .02.80.03.30.30.38.35
M24 | P01 | 2020-11-19 19:47:17 | R | .02.80.03.30.30.38.35
M24 | P01 | 2020-11-19 19:47:17 | R | .02.80.03.30.30.38.35
M24 | P01 | 2020-11-19 19:47:17 | R | .02.80.03.30.30.38.35
M24 | P01 | 2020-11-19 19:47:17 | R | .02.80.03.30.30.38.35
M24 | P01 | 2020-11-19 19:47:17 | R | .02.80.03.30.30.38.35
M24 | P01 | 2020-11-19 19:47:17 | R | .02.89.00.00|.C0.81||.00.00|.03023F
M24 | P01 | 2020-11-19 19:47:17 | S | .06
M24 | P01 | 2020-11-19 19:47:17 | AbrirComprobante | 10 | OK
M00 | P00 | 2020-11-19 19:51:30 | InitModule | 18710000 | OK
M00 | P00 | 2020-11-19 19:51:30 | Version | 1.1.79.0 | OK
M24 | P00 | 2020-11-19 19:51:30 | SetModelo | 24 | OK
M24 | P00 | 2020-11-19 19:51:30 | CargarLicencia | nyiSQeu/vr... | OK
M24 | P01 | 2020-11-19 19:51:30 | SetPuerto | 1 | OK
M24 | P01 | 2020-11-19 19:51:30 | SetBaudios | 115200 | OK
M24 | P01 | 2020-11-19 19:51:32 | S | .02.81.00.01|.00.00.0300A3
M24 | P01 | 2020-11-19 19:51:32 | R | .06
M24 | P01 | 2020-11-19 19:51:32 | R | .02.81.00.00|.C0.81||.00.00|.030237
M24 | P01 | 2020-11-19 19:51:32 | S | .06
M24 | P01 | 2020-11-19 19:51:32 | Inicializar | OK
M24 | P01 | 2020-11-19 19:51:32 | S | .02.82.0A.07|.00.00.0300B4
M24 | P01 | 2020-11-19 19:51:32 | R | .06
M24 | P01 | 2020-11-19 19:51:32 | R | .02.80.03.30.30.38.35
M24 | P01 | 2020-11-19 19:51:33 | R | .02.80.03.30.30.38.35
M24 | P01 | 2020-11-19 19:51:33 | R | .02.80.03.30.30.38.35
M24 | P01 | 2020-11-19 19:51:33 | R | .02.80.03.30.30.38.35
M24 | P01 | 2020-11-19 19:51:33 | R | .02.80.03.30.30.38.35
M24 | P01 | 2020-11-19 19:51:33 | R | .02.80.03.30.30.38.35
M24 | P01 | 2020-11-19 19:51:33 | R | .02.82.00.00|.C0.80||.00.00||7.03028A
M24 | P01 | 2020-11-19 19:51:33 | S | .06
M24 | P01 | 2020-11-19 19:51:33 | S | .02.83.0B.07|.00.00.0300B6
M24 | P01 | 2020-11-19 19:51:33 | R | .06
M24 | P01 | 2020-11-19 19:51:33 | R | .02.80.03.30.30.38.35
M24 | P01 | 2020-11-19 19:51:33 | R | .02.80.03.30.30.38.35
M24 | P01 | 2020-11-19 19:51:33 | R | .02.80.03.30.30.38.35
M24 | P01 | 2020-11-19 19:51:33 | R | .02.83.00.00|.C0.80||.01.02|.030256
M24 | P01 | 2020-11-19 19:51:33 | S | .06
M24 | P01 | 2020-11-19 19:51:33 | S | .02.84.0D.07|.00.00.0300B9
M24 | P01 | 2020-11-19 19:51:33 | R | .06
M24 | P01 | 2020-11-19 19:51:33 | R | .02.84.00.00|.C0.80||.01.02|.030257
M24 | P01 | 2020-11-19 19:51:33 | S | .06
M24 | P01 | 2020-11-19 19:51:33 | S | .02.85.0E.06|.00.01||||||.030163
M24 | P01 | 2020-11-19 19:51:33 | R | .06
M24 | P01 | 2020-11-19 19:51:33 | R | .02.85.00.00|.C0.80||.01.02|.030258
M24 | P01 | 2020-11-19 19:51:33 | S | .06
M24 | P01 | 2020-11-19 19:51:33 | S | .02.86.10.07|.00.00.0300BE
M24 | P01 | 2020-11-19 19:51:33 | R | .06
M24 | P01 | 2020-11-19 19:51:33 | R | .02.86.00.00|.C0.80||.01.02|.030259
M24 | P01 | 2020-11-19 19:51:33 | S | .06
M24 | P01 | 2020-11-19 19:51:33 | CancelarComprobante | OK
M24 | P01 | 2020-11-19 19:51:33 | S | .02.87.05.07|.00.00.0300B4
M24 | P01 | 2020-11-19 19:51:33 | R | .06
M24 | P01 | 2020-11-19 19:51:33 | R | .02.87.00.00|.C0.80||.00.00||EDUARDO RUBEN STACCHIOTTI Y ELENA COMERC|30711465169|00004|I|0|2100|021120.031367
M24 | P01 | 2020-11-19 19:51:33 | S | .06
M24 | P01 | 2020-11-19 19:51:33 | S | .02.88.04.1B.02|.00.00.0300CA
M24 | P01 | 2020-11-19 19:51:33 | R | .06
M24 | P01 | 2020-11-19 19:51:33 | R | .02.88.00.00|.C0.80||.00.00||EPEPAA0000016626|141119.030747
M24 | P01 | 2020-11-19 19:51:33 | S | .06
M24 | P01 | 2020-11-19 19:51:33 | ObtenerDatosDeInicializacion | OK
M24 | P01 | 2020-11-19 19:51:33 | S | .02.89.0A.01|.00.00.0300B5
M24 | P01 | 2020-11-19 19:51:33 | R | .06
M24 | P01 | 2020-11-19 19:51:33 | R | .02.80.03.30.30.38.35
M24 | P01 | 2020-11-19 19:51:33 | R | .02.80.03.30.30.38.35
M24 | P01 | 2020-11-19 19:51:34 | R | .02.80.03.30.30.38.35
M24 | P01 | 2020-11-19 19:51:34 | R | .02.80.03.30.30.38.35
M24 | P01 | 2020-11-19 19:51:34 | R | .02.80.03.30.30.38.35
M24 | P01 | 2020-11-19 19:51:34 | R | .02.80.03.30.30.38.35
M24 | P01 | 2020-11-19 19:51:34 | R | .02.80.03.30.30.38.35
M24 | P01 | 2020-11-19 19:51:34 | R | .02.80.03.30.30.38.35
M24 | P01 | 2020-11-19 19:51:34 | R | .02.80.03.30.30.38.35
M24 | P01 | 2020-11-19 19:51:34 | R | .02.80.03.30.30.38.35
M24 | P01 | 2020-11-19 19:51:34 | R | .02.80.03.30.30.38.35
M24 | P01 | 2020-11-19 19:51:34 | R | .02.80.03.30.30.38.35
M24 | P01 | 2020-11-19 19:51:34 | R | .02.89.00.00|.C0.81||.00.00|.03023F
M24 | P01 | 2020-11-19 19:51:34 | S | .06
M24 | P01 | 2020-11-19 19:51:34 | AbrirComprobante | 10 | OK
M00 | P00 | 2020-11-19 19:57:31 | InitModule | 18710000 | OK
M00 | P00 | 2020-11-19 19:57:31 | Version | 1.1.79.0 | OK
M24 | P00 | 2020-11-19 19:57:31 | SetModelo | 24 | OK
M24 | P00 | 2020-11-19 19:57:31 | CargarLicencia | nyiSQeu/vr... | OK
M24 | P01 | 2020-11-19 19:57:31 | SetPuerto | 1 | OK
M24 | P01 | 2020-11-19 19:57:31 | SetBaudios | 115200 | OK
M24 | P01 | 2020-11-19 19:57:33 | S | .02.81.00.01|.00.00.0300A3
M24 | P01 | 2020-11-19 19:57:33 | R | .06
M24 | P01 | 2020-11-19 19:57:33 | R | .02.81.00.00|.C0.81||.00.00|.030237
M24 | P01 | 2020-11-19 19:57:33 | S | .06
M24 | P01 | 2020-11-19 19:57:33 | Inicializar | OK
M24 | P01 | 2020-11-19 19:57:33 | S | .02.82.0A.07|.00.00.0300B4
M24 | P01 | 2020-11-19 19:57:33 | R | .06
M24 | P01 | 2020-11-19 19:57:33 | R | .02.80.03.30.30.38.35
M24 | P01 | 2020-11-19 19:57:33 | R | .02.80.03.30.30.38.35
M24 | P01 | 2020-11-19 19:57:33 | R | .02.80.03.30.30.38.35
M24 | P01 | 2020-11-19 19:57:33 | R | .02.80.03.30.30.38.35
M24 | P01 | 2020-11-19 19:57:33 | R | .02.80.03.30.30.38.35
M24 | P01 | 2020-11-19 19:57:33 | R | .02.80.03.30.30.38.35
M24 | P01 | 2020-11-19 19:57:33 | R | .02.82.00.00|.C0.80||.00.00||8.03028B
M24 | P01 | 2020-11-19 19:57:33 | S | .06
M24 | P01 | 2020-11-19 19:57:33 | S | .02.83.0B.07|.00.00.0300B6
M24 | P01 | 2020-11-19 19:57:33 | R | .06
M24 | P01 | 2020-11-19 19:57:33 | R | .02.80.03.30.30.38.35
M24 | P01 | 2020-11-19 19:57:33 | R | .02.80.03.30.30.38.35
M24 | P01 | 2020-11-19 19:57:33 | R | .02.80.03.30.30.38.35
M24 | P01 | 2020-11-19 19:57:33 | R | .02.83.00.00|.C0.80||.01.02|.030256
M24 | P01 | 2020-11-19 19:57:33 | S | .06
M24 | P01 | 2020-11-19 19:57:33 | S | .02.84.0D.07|.00.00.0300B9
M24 | P01 | 2020-11-19 19:57:33 | R | .06
M24 | P01 | 2020-11-19 19:57:33 | R | .02.84.00.00|.C0.80||.01.02|.030257
M24 | P01 | 2020-11-19 19:57:33 | S | .06
M24 | P01 | 2020-11-19 19:57:33 | S | .02.85.0E.06|.00.01||||||.030163
M24 | P01 | 2020-11-19 19:57:33 | R | .06
M24 | P01 | 2020-11-19 19:57:33 | R | .02.85.00.00|.C0.80||.01.02|.030258
M24 | P01 | 2020-11-19 19:57:33 | S | .06
M24 | P01 | 2020-11-19 19:57:33 | S | .02.86.10.07|.00.00.0300BE
M24 | P01 | 2020-11-19 19:57:33 | R | .06
M24 | P01 | 2020-11-19 19:57:33 | R | .02.86.00.00|.C0.80||.01.02|.030259
M24 | P01 | 2020-11-19 19:57:33 | S | .06
M24 | P01 | 2020-11-19 19:57:33 | CancelarComprobante | OK
M24 | P01 | 2020-11-19 19:57:33 | S | .02.87.05.07|.00.00.0300B4
M24 | P01 | 2020-11-19 19:57:33 | R | .06
M24 | P01 | 2020-11-19 19:57:33 | R | .02.87.00.00|.C0.80||.00.00||EDUARDO RUBEN STACCHIOTTI Y ELENA COMERC|30711465169|00004|I|0|2100|021120.031367
M24 | P01 | 2020-11-19 19:57:33 | S | .06
M24 | P01 | 2020-11-19 19:57:33 | S | .02.88.04.1B.02|.00.00.0300CA
M24 | P01 | 2020-11-19 19:57:33 | R | .06
M24 | P01 | 2020-11-19 19:57:33 | R | .02.88.00.00|.C0.80||.00.00||EPEPAA0000016626|141119.030747
M24 | P01 | 2020-11-19 19:57:33 | S | .06
M24 | P01 | 2020-11-19 19:57:33 | ObtenerDatosDeInicializacion | OK
M24 | P01 | 2020-11-19 19:57:33 | S | .02.89.0A.01|.00.00.0300B5
M24 | P01 | 2020-11-19 19:57:34 | R | .06
M24 | P01 | 2020-11-19 19:57:34 | R | .02.80.03.30.30.38.35
M24 | P01 | 2020-11-19 19:57:34 | R | .02.80.03.30.30.38.35
M24 | P01 | 2020-11-19 19:57:34 | R | .02.80.03.30.30.38.35
M24 | P01 | 2020-11-19 19:57:34 | R | .02.80.03.30.30.38.35
M24 | P01 | 2020-11-19 19:57:34 | R | .02.80.03.30.30.38.35
M24 | P01 | 2020-11-19 19:57:34 | R | .02.80.03.30.30.38.35
M24 | P01 | 2020-11-19 19:57:34 | R | .02.80.03.30.30.38.35
M24 | P01 | 2020-11-19 19:57:34 | R | .02.80.03.30.30.38.35
M24 | P01 | 2020-11-19 19:57:34 | R | .02.80.03.30.30.38.35
M24 | P01 | 2020-11-19 19:57:34 | R | .02.80.03.30.30.38.35
M24 | P01 | 2020-11-19 19:57:34 | R | .02.80.03.30.30.38.35
M24 | P01 | 2020-11-19 19:57:34 | R | .02.80.03.30.30.38.35
M24 | P01 | 2020-11-19 19:57:34 | R | .02.89.00.00|.C0.81||.00.00|.03023F
M24 | P01 | 2020-11-19 19:57:34 | S | .06
M24 | P01 | 2020-11-19 19:57:34 | AbrirComprobante | 10 | OK
M24 | P01 | 2020-11-19 19:59:00 | S | .02.8A.0A.1B.02|.00.00|||||prueba|10000|10000|2100|00000||1|(1)||7|7.0309AB
M24 | P01 | 2020-11-19 19:59:00 | R | .06
M24 | P01 | 2020-11-19 19:59:00 | R | .02.80.03.30.30.38.35
M24 | P01 | 2020-11-19 19:59:00 | R | .02.80.03.30.30.38.35
M24 | P01 | 2020-11-19 19:59:00 | R | .02.8A.00.00|.C0.81||.00.00||.03025C
M24 | P01 | 2020-11-19 19:59:00 | S | .06
M24 | P01 | 2020-11-19 19:59:00 | ImprimirItem2g | prueba | 1 | 1 | 21 | 0 | 7 | 0 | 1 | (1) |  | 7 | OK
M24 | P01 | 2020-11-19 19:59:25 | S | .02.8B.0A.1B.02|.00.00|||||pueba2|10000|20000|2100|00000||1|(1)||7|7.03096D
M24 | P01 | 2020-11-19 19:59:25 | R | .06
M24 | P01 | 2020-11-19 19:59:25 | R | .02.8B.00.00|.C0.81||.00.00||.03025D
M24 | P01 | 2020-11-19 19:59:25 | S | .06
M24 | P01 | 2020-11-19 19:59:25 | ImprimirItem2g | pueba2 | 1 | 2 | 21 | 0 | 7 | 0 | 1 | (1) |  | 7 | OK
M24 | P01 | 2020-11-19 19:59:33 | S | .02.8C.0A.1B.02|.00.00|||||prueba 3|20000|10000|2100|00000||1|(1)||7|7.030A01
M24 | P01 | 2020-11-19 19:59:33 | R | .06
M24 | P01 | 2020-11-19 19:59:33 | R | .02.8C.00.00|.C0.81||.00.00||.03025E
M24 | P01 | 2020-11-19 19:59:33 | S | .06
M24 | P01 | 2020-11-19 19:59:33 | ImprimirItem2g | prueba 3 | 2 | 1 | 21 | 0 | 7 | 0 | 1 | (1) |  | 7 | OK
M00 | P00 | 2020-11-19 20:02:03 | InitModule | 18710000 | OK
M00 | P00 | 2020-11-19 20:02:03 | Version | 1.1.79.0 | OK
M24 | P00 | 2020-11-19 20:02:03 | SetModelo | 24 | OK
M24 | P00 | 2020-11-19 20:02:03 | CargarLicencia | nyiSQeu/vr... | OK
M24 | P01 | 2020-11-19 20:02:03 | SetPuerto | 1 | OK
M24 | P01 | 2020-11-19 20:02:03 | SetBaudios | 115200 | OK
M24 | P01 | 2020-11-19 20:02:04 | S | .02.81.00.01|.00.00.0300A3
M24 | P01 | 2020-11-19 20:02:04 | R | .06
M24 | P01 | 2020-11-19 20:02:04 | R | .02.80.03.30.30.38.35
M24 | P01 | 2020-11-19 20:02:04 | R | .02.80.03.30.30.38.35
M24 | P01 | 2020-11-19 20:02:04 | R | .02.80.03.30.30.38.35
M24 | P01 | 2020-11-19 20:02:04 | R | .02.80.03.30.30.38.35
M24 | P01 | 2020-11-19 20:02:05 | R | .02.80.03.30.30.38.35
M24 | P01 | 2020-11-19 20:02:05 | R | .02.80.03.30.30.38.35
M24 | P01 | 2020-11-19 20:02:05 | R | .02.80.03.30.30.38.35
M24 | P01 | 2020-11-19 20:02:05 | R | .02.80.03.30.30.38.35
M24 | P01 | 2020-11-19 20:02:05 | R | .02.80.03.30.30.38.35
M24 | P01 | 2020-11-19 20:02:05 | R | .02.80.03.30.30.38.35
M24 | P01 | 2020-11-19 20:02:05 | R | .02.80.03.30.30.38.35
M24 | P01 | 2020-11-19 20:02:05 | R | .02.80.03.30.30.38.35
M24 | P01 | 2020-11-19 20:02:05 | R | .02.80.03.30.30.38.35
M24 | P01 | 2020-11-19 20:02:05 | R | .02.80.03.30.30.38.35
M24 | P01 | 2020-11-19 20:02:05 | R | .02.80.03.30.30.38.35
M24 | P01 | 2020-11-19 20:02:05 | R | .02.80.03.30.30.38.35
M24 | P01 | 2020-11-19 20:02:05 | R | .02.80.03.30.30.38.35
M24 | P01 | 2020-11-19 20:02:05 | R | .02.80.03.30.30.38.35
M24 | P01 | 2020-11-19 20:02:05 | R | .02.80.03.30.30.38.35
M24 | P01 | 2020-11-19 20:02:05 | R | .02.80.03.30.30.38.35
M24 | P01 | 2020-11-19 20:02:06 | R | .02.80.03.30.30.38.35
M24 | P01 | 2020-11-19 20:02:06 | R | .02.80.03.30.30.38.35
M24 | P01 | 2020-11-19 20:02:06 | R | .02.80.03.30.30.38.35
M24 | P01 | 2020-11-19 20:02:06 | R | .02.80.03.30.30.38.35
M24 | P01 | 2020-11-19 20:02:06 | R | .02.80.03.30.30.38.35
M24 | P01 | 2020-11-19 20:02:06 | R | .02.80.03.30.30.38.35
M24 | P01 | 2020-11-19 20:02:06 | R | .02.80.03.30.30.38.35
M24 | P01 | 2020-11-19 20:02:06 | R | .02.80.03.30.30.38.35
M24 | P01 | 2020-11-19 20:02:06 | R | .02.80.03.30.30.38.35
M24 | P01 | 2020-11-19 20:02:06 | R | .02.80.03.30.30.38.35
M24 | P01 | 2020-11-19 20:02:06 | R | .02.80.03.30.30.38.35
M24 | P01 | 2020-11-19 20:02:06 | R | .02.80.03.30.30.38.35
M24 | P01 | 2020-11-19 20:02:06 | R | .02.80.03.30.30.38.35
M24 | P01 | 2020-11-19 20:02:06 | R | .02.80.03.30.30.38.35
M24 | P01 | 2020-11-19 20:02:06 | R | .02.80.03.30.30.38.35
M24 | P01 | 2020-11-19 20:02:06 | R | .02.80.03.30.30.38.35
M24 | P01 | 2020-11-19 20:02:06 | R | .02.80.03.30.30.38.35
M24 | P01 | 2020-11-19 20:02:07 | R | .02.80.03.30.30.38.35
M24 | P01 | 2020-11-19 20:02:07 | R | .02.80.03.30.30.38.35
M24 | P01 | 2020-11-19 20:02:07 | R | .02.80.03.30.30.38.35
M24 | P01 | 2020-11-19 20:02:07 | R | .02.80.03.30.30.38.35
M24 | P01 | 2020-11-19 20:02:07 | R | .02.80.03.30.30.38.35
M24 | P01 | 2020-11-19 20:02:07 | R | .02.80.03.30.30.38.35
M24 | P01 | 2020-11-19 20:02:07 | R | .02.80.03.30.30.38.35
M24 | P01 | 2020-11-19 20:02:07 | R | .02.80.03.30.30.38.35
M24 | P01 | 2020-11-19 20:02:07 | R | .02.80.03.30.30.38.35
M24 | P01 | 2020-11-19 20:02:07 | R | .02.80.03.30.30.38.35
M24 | P01 | 2020-11-19 20:02:07 | R | .02.80.03.30.30.38.35
M24 | P01 | 2020-11-19 20:02:07 | R | .02.80.03.30.30.38.35
M24 | P01 | 2020-11-19 20:02:07 | R | .02.80.03.30.30.38.35
M24 | P01 | 2020-11-19 20:02:07 | R | .02.80.03.30.30.38.35
M24 | P01 | 2020-11-19 20:02:07 | R | .02.80.03.30.30.38.35
M24 | P01 | 2020-11-19 20:02:07 | R | .02.80.03.30.30.38.35
M24 | P01 | 2020-11-19 20:02:07 | R | .02.80.03.30.30.38.35
M24 | P01 | 2020-11-19 20:02:08 | R | .02.80.03.30.30.38.35
M24 | P01 | 2020-11-19 20:02:08 | R | .02.80.03.30.30.38.35
M24 | P01 | 2020-11-19 20:02:08 | R | .02.80.03.30.30.38.35
M24 | P01 | 2020-11-19 20:02:08 | R | .02.80.03.30.30.38.35
M24 | P01 | 2020-11-19 20:02:08 | R | .02.80.03.30.30.38.35
M24 | P01 | 2020-11-19 20:02:08 | R | .02.80.03.30.30.38.35
M24 | P01 | 2020-11-19 20:02:08 | R | .02.80.03.30.30.38.35
M24 | P01 | 2020-11-19 20:02:08 | R | .02.80.03.30.30.38.35
M24 | P01 | 2020-11-19 20:02:08 | R | .02.80.03.30.30.38.35
M24 | P01 | 2020-11-19 20:02:08 | R | .02.80.03.30.30.38.35
M24 | P01 | 2020-11-19 20:02:08 | R | .02.80.03.30.30.38.35
M24 | P01 | 2020-11-19 20:02:08 | R | .02.80.03.30.30.38.35
M24 | P01 | 2020-11-19 20:02:08 | R | .02.80.03.30.30.38.35
M24 | P01 | 2020-11-19 20:02:08 | R | .02.80.03.30.30.38.35
M24 | P01 | 2020-11-19 20:02:08 | R | .02.80.03.30.30.38.35
M24 | P01 | 2020-11-19 20:02:08 | R | .02.80.03.30.30.38.35
M24 | P01 | 2020-11-19 20:02:09 | R | .02.80.03.30.30.38.35
M24 | P01 | 2020-11-19 20:02:09 | R | .02.80.03.30.30.38.35
M24 | P01 | 2020-11-19 20:02:09 | R | .02.80.03.30.30.38.35
M24 | P01 | 2020-11-19 20:02:09 | R | .02.81.00.00|.C0.80||.00.00|.030236
M24 | P01 | 2020-11-19 20:02:09 | S | .06
M24 | P01 | 2020-11-19 20:02:09 | Inicializar | OK
M24 | P01 | 2020-11-19 20:02:09 | S | .02.82.0A.07|.00.00.0300B4
M24 | P01 | 2020-11-19 20:02:09 | R | .06
M24 | P01 | 2020-11-19 20:02:09 | R | .02.82.00.00|.C0.80||.01.02|.030255
M24 | P01 | 2020-11-19 20:02:09 | S | .06
M24 | P01 | 2020-11-19 20:02:09 | S | .02.83.0B.07|.00.00.0300B6
M24 | P01 | 2020-11-19 20:02:09 | R | .06
M24 | P01 | 2020-11-19 20:02:09 | R | .02.83.00.00|.C0.80||.01.02|.030256
M24 | P01 | 2020-11-19 20:02:09 | S | .06
M24 | P01 | 2020-11-19 20:02:09 | S | .02.84.0D.07|.00.00.0300B9
M24 | P01 | 2020-11-19 20:02:09 | R | .06
M24 | P01 | 2020-11-19 20:02:09 | R | .02.84.00.00|.C0.80||.01.02|.030257
M24 | P01 | 2020-11-19 20:02:09 | S | .06
M24 | P01 | 2020-11-19 20:02:09 | S | .02.85.0E.06|.00.01||||||.030163
M24 | P01 | 2020-11-19 20:02:09 | R | .06
M24 | P01 | 2020-11-19 20:02:09 | R | .02.85.00.00|.C0.80||.01.02|.030258
M24 | P01 | 2020-11-19 20:02:09 | S | .06
M24 | P01 | 2020-11-19 20:02:09 | S | .02.86.10.07|.00.00.0300BE
M24 | P01 | 2020-11-19 20:02:09 | R | .06
M24 | P01 | 2020-11-19 20:02:09 | R | .02.86.00.00|.C0.80||.01.02|.030259
M24 | P01 | 2020-11-19 20:02:09 | S | .06
M24 | P01 | 2020-11-19 20:02:09 | CancelarComprobante | OK
M24 | P01 | 2020-11-19 20:02:09 | S | .02.87.05.07|.00.00.0300B4
M24 | P01 | 2020-11-19 20:02:09 | R | .06
M24 | P01 | 2020-11-19 20:02:09 | R | .02.87.00.00|.C0.80||.00.00||EDUARDO RUBEN STACCHIOTTI Y ELENA COMERC|30711465169|00004|I|0|2100|021120.031367
M24 | P01 | 2020-11-19 20:02:09 | S | .06
M24 | P01 | 2020-11-19 20:02:09 | S | .02.88.04.1B.02|.00.00.0300CA
M24 | P01 | 2020-11-19 20:02:09 | R | .06
M24 | P01 | 2020-11-19 20:02:09 | R | .02.88.00.00|.C0.80||.00.00||EPEPAA0000016626|141119.030747
M24 | P01 | 2020-11-19 20:02:09 | S | .06
M24 | P01 | 2020-11-19 20:02:09 | ObtenerDatosDeInicializacion | OK
M24 | P01 | 2020-11-19 20:02:09 | S | .02.89.0A.01|.00.00.0300B5
M24 | P01 | 2020-11-19 20:02:09 | R | .06
M24 | P01 | 2020-11-19 20:02:09 | R | .02.80.03.30.30.38.35
M24 | P01 | 2020-11-19 20:02:09 | R | .02.80.03.30.30.38.35
M24 | P01 | 2020-11-19 20:02:09 | R | .02.80.03.30.30.38.35
M24 | P01 | 2020-11-19 20:02:09 | R | .02.80.03.30.30.38.35
M24 | P01 | 2020-11-19 20:02:09 | R | .02.80.03.30.30.38.35
M24 | P01 | 2020-11-19 20:02:09 | R | .02.80.03.30.30.38.35
M24 | P01 | 2020-11-19 20:02:10 | R | .02.80.03.30.30.38.35
M24 | P01 | 2020-11-19 20:02:10 | R | .02.80.03.30.30.38.35
M24 | P01 | 2020-11-19 20:02:10 | R | .02.80.03.30.30.38.35
M24 | P01 | 2020-11-19 20:02:10 | R | .02.80.03.30.30.38.35
M24 | P01 | 2020-11-19 20:02:10 | R | .02.80.03.30.30.38.35
M24 | P01 | 2020-11-19 20:02:10 | R | .02.80.03.30.30.38.35
M24 | P01 | 2020-11-19 20:02:10 | R | .02.80.03.30.30.38.35
M24 | P01 | 2020-11-19 20:02:10 | R | .02.89.00.00|.C0.81||.00.00|.03023F
M24 | P01 | 2020-11-19 20:02:10 | S | .06
M24 | P01 | 2020-11-19 20:02:10 | AbrirComprobante | 10 | OK
M24 | P01 | 2020-11-19 20:02:23 | S | .02.8A.0A.1B.02|.00.00|||||prueba|10000|12500|2100|00000||1|(1)||7|7.0309B2
M24 | P01 | 2020-11-19 20:02:23 | R | .06
M24 | P01 | 2020-11-19 20:02:23 | R | .02.80.03.30.30.38.35
M24 | P01 | 2020-11-19 20:02:23 | R | .02.8A.00.00|.C0.81||.00.00||.03025C
M24 | P01 | 2020-11-19 20:02:23 | S | .06
M24 | P01 | 2020-11-19 20:02:23 | ImprimirItem2g | prueba | 1 | 1.25 | 21 | 0 | 7 | 0 | 1 | (1) |  | 7 | OK
M00 | P00 | 2020-11-19 20:07:52 | InitModule | 18710000 | OK
M00 | P00 | 2020-11-19 20:07:52 | Version | 1.1.79.0 | OK
M24 | P00 | 2020-11-19 20:07:52 | SetModelo | 24 | OK
M24 | P00 | 2020-11-19 20:07:52 | CargarLicencia | nyiSQeu/vr... | OK
M24 | P01 | 2020-11-19 20:07:52 | SetPuerto | 1 | OK
M24 | P01 | 2020-11-19 20:07:52 | SetBaudios | 115200 | OK
M24 | P01 | 2020-11-19 20:07:53 | S | .02.81.00.01|.00.00.0300A3
M24 | P01 | 2020-11-19 20:07:53 | R | .06
M24 | P01 | 2020-11-19 20:07:53 | R | .02.81.00.00|.C0.81||.00.00|.030237
M24 | P01 | 2020-11-19 20:07:53 | S | .06
M24 | P01 | 2020-11-19 20:07:53 | Inicializar | OK
M24 | P01 | 2020-11-19 20:07:53 | S | .02.82.0A.07|.00.00.0300B4
M24 | P01 | 2020-11-19 20:07:53 | R | .06
M24 | P01 | 2020-11-19 20:07:53 | R | .02.80.03.30.30.38.35
M24 | P01 | 2020-11-19 20:07:53 | R | .02.80.03.30.30.38.35
M24 | P01 | 2020-11-19 20:07:53 | R | .02.80.03.30.30.38.35
M24 | P01 | 2020-11-19 20:07:53 | R | .02.80.03.30.30.38.35
M24 | P01 | 2020-11-19 20:07:53 | R | .02.80.03.30.30.38.35
M24 | P01 | 2020-11-19 20:07:53 | R | .02.80.03.30.30.38.35
M24 | P01 | 2020-11-19 20:07:53 | R | .02.80.03.30.30.38.35
M24 | P01 | 2020-11-19 20:07:53 | R | .02.80.03.30.30.38.35
M24 | P01 | 2020-11-19 20:07:54 | R | .02.80.03.30.30.38.35
M24 | P01 | 2020-11-19 20:07:54 | R | .02.80.03.30.30.38.35
M24 | P01 | 2020-11-19 20:07:54 | R | .02.80.03.30.30.38.35
M24 | P01 | 2020-11-19 20:07:54 | R | .02.80.03.30.30.38.35
M24 | P01 | 2020-11-19 20:07:54 | R | .02.80.03.30.30.38.35
M24 | P01 | 2020-11-19 20:07:54 | R | .02.80.03.30.30.38.35
M24 | P01 | 2020-11-19 20:07:54 | R | .02.80.03.30.30.38.35
M24 | P01 | 2020-11-19 20:07:54 | R | .02.80.03.30.30.38.35
M24 | P01 | 2020-11-19 20:07:54 | R | .02.82.00.00|.C0.80||.00.00||10.0302B4
M24 | P01 | 2020-11-19 20:07:54 | S | .06
M24 | P01 | 2020-11-19 20:07:54 | S | .02.83.0B.07|.00.00.0300B6
M24 | P01 | 2020-11-19 20:07:54 | R | .06
M24 | P01 | 2020-11-19 20:07:54 | R | .02.80.03.30.30.38.35
M24 | P01 | 2020-11-19 20:07:54 | R | .02.80.03.30.30.38.35
M24 | P01 | 2020-11-19 20:07:54 | R | .02.83.00.00|.C0.80||.01.02|.030256
M24 | P01 | 2020-11-19 20:07:54 | S | .06
M24 | P01 | 2020-11-19 20:07:54 | S | .02.84.0D.07|.00.00.0300B9
M24 | P01 | 2020-11-19 20:07:54 | R | .06
M24 | P01 | 2020-11-19 20:07:54 | R | .02.84.00.00|.C0.80||.01.02|.030257
M24 | P01 | 2020-11-19 20:07:54 | S | .06
M24 | P01 | 2020-11-19 20:07:54 | S | .02.85.0E.06|.00.01||||||.030163
M24 | P01 | 2020-11-19 20:07:54 | R | .06
M24 | P01 | 2020-11-19 20:07:54 | R | .02.85.00.00|.C0.80||.01.02|.030258
M24 | P01 | 2020-11-19 20:07:54 | S | .06
M24 | P01 | 2020-11-19 20:07:54 | S | .02.86.10.07|.00.00.0300BE
M24 | P01 | 2020-11-19 20:07:54 | R | .06
M24 | P01 | 2020-11-19 20:07:54 | R | .02.86.00.00|.C0.80||.01.02|.030259
M24 | P01 | 2020-11-19 20:07:54 | S | .06
M24 | P01 | 2020-11-19 20:07:54 | CancelarComprobante | OK
M24 | P01 | 2020-11-19 20:07:54 | S | .02.87.05.07|.00.00.0300B4
M24 | P01 | 2020-11-19 20:07:54 | R | .06
M24 | P01 | 2020-11-19 20:07:54 | R | .02.87.00.00|.C0.80||.00.00||EDUARDO RUBEN STACCHIOTTI Y ELENA COMERC|30711465169|00004|I|0|2100|021120.031367
M24 | P01 | 2020-11-19 20:07:54 | S | .06
M24 | P01 | 2020-11-19 20:07:54 | S | .02.88.04.1B.02|.00.00.0300CA
M24 | P01 | 2020-11-19 20:07:54 | R | .06
M24 | P01 | 2020-11-19 20:07:54 | R | .02.88.00.00|.C0.80||.00.00||EPEPAA0000016626|141119.030747
M24 | P01 | 2020-11-19 20:07:54 | S | .06
M24 | P01 | 2020-11-19 20:07:54 | ObtenerDatosDeInicializacion | OK
M24 | P01 | 2020-11-19 20:07:55 | S | .02.89.0A.01|.00.00.0300B5
M24 | P01 | 2020-11-19 20:07:55 | R | .06
M24 | P01 | 2020-11-19 20:07:55 | R | .02.80.03.30.30.38.35
M24 | P01 | 2020-11-19 20:07:55 | R | .02.80.03.30.30.38.35
M24 | P01 | 2020-11-19 20:07:55 | R | .02.80.03.30.30.38.35
M24 | P01 | 2020-11-19 20:07:55 | R | .02.80.03.30.30.38.35
M24 | P01 | 2020-11-19 20:07:55 | R | .02.80.03.30.30.38.35
M24 | P01 | 2020-11-19 20:07:55 | R | .02.80.03.30.30.38.35
M24 | P01 | 2020-11-19 20:07:55 | R | .02.80.03.30.30.38.35
M24 | P01 | 2020-11-19 20:07:55 | R | .02.80.03.30.30.38.35
M24 | P01 | 2020-11-19 20:07:55 | R | .02.80.03.30.30.38.35
M24 | P01 | 2020-11-19 20:07:55 | R | .02.80.03.30.30.38.35
M24 | P01 | 2020-11-19 20:07:55 | R | .02.80.03.30.30.38.35
M24 | P01 | 2020-11-19 20:07:55 | R | .02.80.03.30.30.38.35
M24 | P01 | 2020-11-19 20:07:55 | R | .02.80.03.30.30.38.35
M24 | P01 | 2020-11-19 20:07:55 | R | .02.80.03.30.30.38.35
M24 | P01 | 2020-11-19 20:07:55 | R | .02.89.00.00|.C0.81||.00.00|.03023F
M24 | P01 | 2020-11-19 20:07:55 | S | .06
M24 | P01 | 2020-11-19 20:07:55 | AbrirComprobante | 10 | OK
M24 | P01 | 2020-11-19 20:08:05 | S | .02.8A.0A.1B.02|.00.00|||||prueba|10000|12500|2100|00000||1|(1)||7|7.0309B2
M24 | P01 | 2020-11-19 20:08:05 | R | .06
M24 | P01 | 2020-11-19 20:08:05 | R | .02.80.03.30.30.38.35
M24 | P01 | 2020-11-19 20:08:05 | R | .02.80.03.30.30.38.35
M24 | P01 | 2020-11-19 20:08:05 | R | .02.8A.00.00|.C0.81||.00.00||.03025C
M24 | P01 | 2020-11-19 20:08:05 | S | .06
M24 | P01 | 2020-11-19 20:08:05 | ImprimirItem2g | prueba | 1 | 1.25 | 21 | 0 | 7 | 0 | 1 | (1) |  | 7 | OK
M24 | P01 | 2020-11-19 20:09:17 | S | .02.8B.0A.0A|.00.00.0300C0
M24 | P01 | 2020-11-19 20:09:17 | R | .06
M24 | P01 | 2020-11-19 20:09:17 | R | .02.8B.00.00|.C0.81||.00.00||11|125|0|22|0|1|1000|0|30|1|6|0|10|1.030835
M24 | P01 | 2020-11-19 20:09:17 | S | .06
M24 | P01 | 2020-11-19 20:09:17 | Subtotal | OK
M24 | P01 | 2020-11-19 20:09:17 | S | .02.8C.0A.0A|.00.00.0300C1
M24 | P01 | 2020-11-19 20:09:17 | R | .06
M24 | P01 | 2020-11-19 20:09:17 | R | .02.8C.00.00|.C0.81||.00.00||11|125|0|22|0|1|1000|0|30|1|6|0|10|1.030836
M24 | P01 | 2020-11-19 20:09:17 | S | .06
M24 | P01 | 2020-11-19 20:09:17 | Subtotal | OK
M24 | P01 | 2020-11-19 20:09:17 | S | .02.8D.0A.0A|.00.00.0300C2
M24 | P01 | 2020-11-19 20:09:17 | R | .06
M24 | P01 | 2020-11-19 20:09:17 | R | .02.8D.00.00|.C0.81||.00.00||11|125|0|22|0|1|1000|0|30|1|6|0|10|1.030837
M24 | P01 | 2020-11-19 20:09:17 | S | .06
M24 | P01 | 2020-11-19 20:09:17 | Subtotal | OK
M24 | P01 | 2020-11-19 20:09:17 | S | .02.8E.0A.0A|.00.00.0300C3
M24 | P01 | 2020-11-19 20:09:17 | R | .06
M24 | P01 | 2020-11-19 20:09:17 | R | .02.8E.00.00|.C0.81||.00.00||11|125|0|22|0|1|1000|0|30|1|6|0|10|1.030838
M24 | P01 | 2020-11-19 20:09:17 | S | .06
M24 | P01 | 2020-11-19 20:09:17 | Subtotal | OK
M24 | P01 | 2020-11-19 20:09:17 | S | .02.8F.0A.05|.00.00|||1|-||0|000.0302A1
M24 | P01 | 2020-11-19 20:09:17 | R | .06
M24 | P01 | 2020-11-19 20:09:17 | R | .02.8F.00.00|.C0.81||.0A1|.030280
M24 | P01 | 2020-11-19 20:09:17 | S | .06
M24 | P01 | 2020-11-19 20:09:17 | ImprimirPago2g | - | 0 |  | 0 | 1 |  |  | ERROR: Código de tipo de pago inválido
M24 | P01 | 2020-11-19 20:09:57 | S | .02.90.0A.05|.00.00|||1|-||8|000.0302AA
M24 | P01 | 2020-11-19 20:09:57 | R | .06
M24 | P01 | 2020-11-19 20:09:57 | R | .02.90.00.00|.C0.81||.00.00||125|0.030346
M24 | P01 | 2020-11-19 20:09:57 | S | .06
M24 | P01 | 2020-11-19 20:09:57 | ImprimirPago2g | - | 0 |  | 8 | 1 |  |  | OK
M24 | P01 | 2020-11-19 20:09:57 | S | .02.91.0A.05|.00.00|||1|Pago||0|100.0303FE
M24 | P01 | 2020-11-19 20:09:57 | R | .06
M24 | P01 | 2020-11-19 20:09:57 | R | .02.91.00.00|.C0.81||.0A1|.030282
M24 | P01 | 2020-11-19 20:09:57 | S | .06
M24 | P01 | 2020-11-19 20:09:57 | ImprimirPago2g | Pago | 1 |  | 0 | 1 |  |  | ERROR: Código de tipo de pago inválido
M24 | P01 | 2020-11-19 20:10:18 | S | .02.92.0A.05|.00.00|||1|Pago||8|100.030407
M24 | P01 | 2020-11-19 20:10:18 | R | .06
M24 | P01 | 2020-11-19 20:10:18 | R | .02.92.00.00|.C0.81||.00.00||25|0.030317
M24 | P01 | 2020-11-19 20:10:18 | S | .06
M24 | P01 | 2020-11-19 20:10:18 | ImprimirPago2g | Pago | 1 |  | 8 | 1 |  |  | OK
M24 | P01 | 2020-11-19 20:10:31 | S | .02.93.0A.06|.00.13|||||||.03019B
M24 | P01 | 2020-11-19 20:10:31 | R | .06
M24 | P01 | 2020-11-19 20:10:31 | R | .02.80.03.30.30.38.35
M24 | P01 | 2020-11-19 20:10:31 | R | .02.80.03.30.30.38.35
M24 | P01 | 2020-11-19 20:10:32 | R | .02.80.03.30.30.38.35
M24 | P01 | 2020-11-19 20:10:32 | R | .02.80.03.30.30.38.35
M24 | P01 | 2020-11-19 20:10:32 | R | .02.80.03.30.30.38.35
M24 | P01 | 2020-11-19 20:10:32 | R | .02.80.03.30.30.38.35
M24 | P01 | 2020-11-19 20:10:32 | R | .02.80.03.30.30.38.35
M24 | P01 | 2020-11-19 20:10:32 | R | .02.80.03.30.30.38.35
M24 | P01 | 2020-11-19 20:10:32 | R | .02.80.03.30.30.38.35
M24 | P01 | 2020-11-19 20:10:32 | R | .02.80.03.30.30.38.35
M24 | P01 | 2020-11-19 20:10:32 | R | .02.80.03.30.30.38.35
M24 | P01 | 2020-11-19 20:10:32 | R | .02.80.03.30.30.38.35
M24 | P01 | 2020-11-19 20:10:32 | R | .02.80.03.30.30.38.35
M24 | P01 | 2020-11-19 20:10:32 | R | .02.80.03.30.30.38.35
M24 | P01 | 2020-11-19 20:10:32 | R | .02.80.03.30.30.38.35
M24 | P01 | 2020-11-19 20:10:32 | R | .02.80.03.30.30.38.35
M24 | P01 | 2020-11-19 20:10:32 | R | .02.80.03.30.30.38.35
M24 | P01 | 2020-11-19 20:10:32 | R | .02.80.03.30.30.38.35
M24 | P01 | 2020-11-19 20:10:33 | R | .02.80.03.30.30.38.35
M24 | P01 | 2020-11-19 20:10:33 | R | .02.80.03.30.30.38.35
M24 | P01 | 2020-11-19 20:10:33 | R | .02.80.03.30.30.38.35
M24 | P01 | 2020-11-19 20:10:33 | R | .02.80.03.30.30.38.35
M24 | P01 | 2020-11-19 20:10:33 | R | .02.80.03.30.30.38.35
M24 | P01 | 2020-11-19 20:10:33 | R | .02.80.03.30.30.38.35
M24 | P01 | 2020-11-19 20:10:33 | R | .02.80.03.30.30.38.35
M24 | P01 | 2020-11-19 20:10:33 | R | .02.80.03.30.30.38.35
M24 | P01 | 2020-11-19 20:10:33 | R | .02.80.03.30.30.38.35
M24 | P01 | 2020-11-19 20:10:33 | R | .02.80.03.30.30.38.35
M24 | P01 | 2020-11-19 20:10:33 | R | .02.80.03.30.30.38.35
M24 | P01 | 2020-11-19 20:10:33 | R | .02.80.03.30.30.38.35
M24 | P01 | 2020-11-19 20:10:33 | R | .02.80.03.30.30.38.35
M24 | P01 | 2020-11-19 20:10:33 | R | .02.80.03.30.30.38.35
M24 | P01 | 2020-11-19 20:10:33 | R | .02.80.03.30.30.38.35
M24 | P01 | 2020-11-19 20:10:33 | R | .02.80.03.30.30.38.35
M24 | P01 | 2020-11-19 20:10:33 | R | .02.80.03.30.30.38.35
M24 | P01 | 2020-11-19 20:10:33 | R | .02.93.00.00|.C0.80||.00.00||11|125|22|0.030446
M24 | P01 | 2020-11-19 20:10:33 | S | .06
M24 | P01 | 2020-11-19 20:10:33 | CerrarComprobante | OK
M24 | P01 | 2020-11-19 20:10:34 | Finalizar | OK
