 %% NO MODIFIQUE NI ELIMINE ESTE ARCHIVO. %% 
 %% Este archivo contiene información acerca de la instalación de una aplicación. %% 
 %% Se utilizará para quitar automáticamente de su PC todos los componentes de la aplicación, si elige hacerlo. %% 


NOTE: Inicio de la sección bootstrapper

*** ERROR: No se puede crear un directorio llamado 'C:'
*** DURANTE ESTA ACCIÓN: CreateDir: "C:"

CONFIG: Title: "ETIQUETAS"

*** ERROR: No se puede crear un directorio llamado 'C:'
*** DURANTE ESTA ACCIÓN: CreateDir: "C:"

*** ERROR: No se puede crear un directorio llamado 'C:'
*** DURANTE ESTA ACCIÓN: CreateDir: "C:"

ACTION: RegKey: "HKEY_LOCAL_MACHINE\SOFTWARE\Microsoft\Windows\CurrentVersion", "SharedDLLs"

ACTION: SystemFile: "C:\Windows\System32\VB6STKIT.DLL"
(No se puede encontrar el archivo o es de una versión antigua; se ha copiado el archivo nuevo)

ACTION: SystemFile: "C:\WINDOWS\SYSTEM32\OLEPRO32.DLL"
(El archivo en disco ya estaba actualizado)

ACTION: SystemFile: "C:\WINDOWS\SYSTEM32\COMCAT.DLL"
(El archivo en disco ya estaba actualizado)

*** ERROR: No se puede crear un directorio llamado 'C:'
*** DURANTE ESTA ACCIÓN: CreateDir: "C:"

*** ERROR: No se puede crear un directorio llamado 'C:'
*** DURANTE ESTA ACCIÓN: CreateDir: "C:"

ACTION: SystemFile: "C:\Windows\System32\VB6ES.DLL"
(No se puede encontrar el archivo o es de una versión antigua; se ha copiado el archivo nuevo)

ACTION: SystemFile: "C:\WINDOWS\SYSTEM32\STDOLE2.TLB"
(El archivo en disco ya estaba actualizado)

ACTION: SystemFile: "C:\WINDOWS\SYSTEM32\ASYCFILT.DLL"
(El archivo en disco ya estaba actualizado)

ACTION: SystemFile: "C:\WINDOWS\SYSTEM32\OLEAUT32.DLL"
(El archivo en disco ya estaba actualizado)

ACTION: SystemFile: "C:\WINDOWS\SYSTEM32\msvbvm60.dll"
(El archivo en disco ya estaba actualizado)

ACTION: DllSelfRegister: "C:\WINDOWS\SYSTEM32\OLEPRO32.DLL"

ACTION: DllSelfRegister: "C:\WINDOWS\SYSTEM32\COMCAT.DLL"

ACTION: TLBRegister: "C:\WINDOWS\SYSTEM32\STDOLE2.TLB"

ACTION: DllSelfRegister: "C:\WINDOWS\SYSTEM32\OLEAUT32.DLL"

ACTION: DllSelfRegister: "C:\WINDOWS\SYSTEM32\msvbvm60.dll"

NOTE: Final de la sección bootstrapper

NOTE: Inicializando el programa principal de instalación 'Setup1.exe'....

ACTION: SharedFile: "C:\Windows\System32\craxddt.dll"
(No se puede encontrar el archivo o es de una versión antigua; se ha copiado el archivo nuevo)

ACTION: SharedFile: "C:\Windows\System32\p3smnes.dll"
(El archivo en disco ya estaba actualizado)

ACTION: SharedFile: "C:\Windows\System32\P2smon.dll"
(No se puede encontrar el archivo o es de una versión antigua; se ha copiado el archivo nuevo)

ACTION: SharedFile: "C:\Windows\System32\Crpaig80.dll"
(El archivo en disco ya estaba actualizado)

ACTION: SharedFile: "C:\Windows\System32\IMPLODE.DLL"
(El archivo en disco ya estaba actualizado)

ACTION: SharedFile: "C:\Windows\System32\craxdrt.dll"
(No se puede encontrar el archivo o es de una versión antigua; se ha copiado el archivo nuevo)

ACTION: SharedFile: "C:\Windows\System32\crviewer.dll"
(No se puede encontrar el archivo o es de una versión antigua; se ha copiado el archivo nuevo)

ACTION: SharedFile: "C:\5a04\REP\E0.exe"
(No se puede encontrar el archivo o es de una versión antigua; se ha copiado el archivo nuevo)

ACTION: DllSelfRegister: "C:\Windows\System32\craxddt.dll"

ACTION: DllSelfRegister: "C:\Windows\System32\craxdrt.dll"

ACTION: DllSelfRegister: "C:\Windows\System32\crviewer.dll"

ACTION: RegKey: "HKEY_LOCAL_MACHINE\SOFTWARE\Microsoft\Windows\CurrentVersion", "App Paths\E0.exe"

ACTION: RegValue: "HKEY_LOCAL_MACHINE\SOFTWARE\Microsoft\Windows\CurrentVersion\App Paths\E0.exe", ""

